#
# There is insufficient memory for the Java Runtime Environment to continue.
# Native memory allocation (malloc) failed to allocate 262160 bytes. Error detail: Chunk::new
# Possible reasons:
#   The system is out of physical RAM or swap space
#   This process is running with CompressedOops enabled, and the Java Heap may be blocking the growth of the native heap
# Possible solutions:
#   Reduce memory load on the system
#   Increase physical memory or swap space
#   Check if swap backing store is full
#   Decrease Java heap size (-Xmx/-Xms)
#   Decrease number of Java threads
#   Decrease Java thread stack sizes (-Xss)
#   Set larger code cache with -XX:ReservedCodeCacheSize=
#   JVM is running with Unscaled Compressed Oops mode in which the Java heap is
#     placed in the first 4GB address space. The Java Heap base address is the
#     maximum limit for the native heap growth. Please use -XX:HeapBaseMinAddress
#     to set the Java Heap base and to place the Java Heap above 4GB virtual address.
# This output file may be truncated or incomplete.
#
#  Out of Memory Error (arena.cpp:168), pid=51208, tid=27380
#
# JRE version: OpenJDK Runtime Environment Temurin-21.0.10+7 (21.0.10+7) (build 21.0.10+7-LTS)
# Java VM: OpenJDK 64-Bit Server VM Temurin-21.0.10+7 (21.0.10+7-LTS, mixed mode, sharing, tiered, compressed oops, compressed class ptrs, parallel gc, windows-amd64)
# No core dump will be written. Minidumps are not enabled by default on client versions of Windows
#

---------------  S U M M A R Y ------------

Command Line: --add-modules=ALL-SYSTEM --add-opens=java.base/java.util=ALL-UNNAMED --add-opens=java.base/java.lang=ALL-UNNAMED --add-opens=java.base/sun.nio.fs=ALL-UNNAMED -Declipse.application=org.eclipse.jdt.ls.core.id1 -Dosgi.bundles.defaultStartLevel=4 -Declipse.product=org.eclipse.jdt.ls.core.product -Djava.import.generatesMetadataFilesAtProjectRoot=false -DDetectVMInstallationsJob.disabled=true -Dfile.encoding=utf8 -XX:+UseParallelGC -XX:GCTimeRatio=4 -XX:AdaptiveSizePolicyWeight=90 -Dsun.zip.disableMemoryMapping=true -Xmx2G -Xms100m -Xlog:disable -javaagent:c:\Users\victo\.vscode\extensions\redhat.java-1.53.0-win32-x64\lombok\lombok-1.18.39-4050.jar -XX:+HeapDumpOnOutOfMemoryError -XX:HeapDumpPath=c:\Users\victo\AppData\Roaming\Code\User\workspaceStorage\66c0a89fe70541defca93da0162aec7a\redhat.java -Daether.dependencyCollector.impl=bf c:\Users\victo\.vscode\extensions\redhat.java-1.53.0-win32-x64\server\plugins\org.eclipse.equinox.launcher_1.7.100.v20251111-0406.jar -configuration c:\Users\victo\AppData\Roaming\Code\User\globalStorage\redhat.java\1.53.0\config_win -data c:\Users\victo\AppData\Roaming\Code\User\workspaceStorage\66c0a89fe70541defca93da0162aec7a\redhat.java\jdt_ws --pipe=\\.\pipe\lsp-45201fa078a98915a20ed4fce8692b84-sock

Host: AMD Ryzen 9 3900X 12-Core Processor            , 24 cores, 31G,  Windows 11 , 64 bit Build 26100 (10.0.26100.7920)
Time: Fri Apr 10 13:16:49 2026 Hora est. Sudam廨ica Pac璗ico elapsed time: 35.137152 seconds (0d 0h 0m 35s)

---------------  T H R E A D  ---------------

Current thread (0x000001b34baedd00):  JavaThread "C2 CompilerThread3" daemon [_thread_in_native, id=27380, stack(0x000000a73bd00000,0x000000a73be00000) (1024K)]


Current CompileTask:
C2:35137 14709   !   4       org.eclipse.jdt.internal.core.search.indexing.BinaryIndexer::indexDocument (1172 bytes)

Stack: [0x000000a73bd00000,0x000000a73be00000]
Native frames: (J=compiled Java code, j=interpreted, Vv=VM code, C=native code)
V  [jvm.dll+0x6d7a39]
V  [jvm.dll+0x8b4b26]
V  [jvm.dll+0x8b70de]
V  [jvm.dll+0x8b77c3]
V  [jvm.dll+0x284346]
V  [jvm.dll+0xc66ed]
V  [jvm.dll+0xc6c31]
V  [jvm.dll+0xc6815]
V  [jvm.dll+0x6b2b0c]
V  [jvm.dll+0x65fe6f]
V  [jvm.dll+0x6657ef]
V  [jvm.dll+0x666736]
V  [jvm.dll+0x664a7b]
V  [jvm.dll+0x24c3db]
V  [jvm.dll+0x24bb40]
V  [jvm.dll+0x1cb34e]
V  [jvm.dll+0x25b85d]
V  [jvm.dll+0x259dea]
V  [jvm.dll+0x3f857e]
V  [jvm.dll+0x85f59d]
V  [jvm.dll+0x6d626d]
C  [ucrtbase.dll+0x37b0]
C  [KERNEL32.DLL+0x2e8d7]
C  [ntdll.dll+0x8c48c]


---------------  P R O C E S S  ---------------

Threads class SMR info:
_java_thread_list=0x000001b34daa16e0, length=109, elements={
0x000001b3682a2a40, 0x000001b368348200, 0x000001b368349120, 0x000001b368350aa0,
0x000001b368355a60, 0x000001b368358990, 0x000001b36835cc70, 0x000001b34112d420,
0x000001b3411381c0, 0x000001b341344e00, 0x000001b3480b9700, 0x000001b3483b4ad0,
0x000001b3483b2370, 0x000001b3483b4440, 0x000001b3483b2a00, 0x000001b3483b3720,
0x000001b3483b5160, 0x000001b3483b1ce0, 0x000001b3483b3090, 0x000001b3483b3db0,
0x000001b34a789a20, 0x000001b34a78a0b0, 0x000001b34a789390, 0x000001b34a787fe0,
0x000001b34a788670, 0x000001b34a78add0, 0x000001b34a788d00, 0x000001b34a78a740,
0x000001b34a787950, 0x000001b34a78baf0, 0x000001b34a78c810, 0x000001b34a78cea0,
0x000001b34a78dbc0, 0x000001b34a78d530, 0x000001b34a78c180, 0x000001b34a78e250,
0x000001b34a78b460, 0x000001b34a78e8e0, 0x000001b34a78ef70, 0x000001b34994cdd0,
0x000001b34994b390, 0x000001b34994d460, 0x000001b34994a670, 0x000001b34994ad00,
0x000001b34994ba20, 0x000001b34994c0b0, 0x000001b349949fe0, 0x000001b34994c740,
0x000001b34994e810, 0x000001b349950250, 0x000001b3499508e0, 0x000001b34994f530,
0x000001b349950f70, 0x000001b34994daf0, 0x000001b34d18a400, 0x000001b34d18b1a0,
0x000001b34baedd00, 0x000001b34ae231d0, 0x000001b34d18b870, 0x000001b348879510,
0x000001b34887bc70, 0x000001b348879ba0, 0x000001b3488787f0, 0x000001b34887a230,
0x000001b34887c300, 0x000001b348878e80, 0x000001b34887dd40, 0x000001b34887a8c0,
0x000001b34887f0f0, 0x000001b34887e3d0, 0x000001b34887c990, 0x000001b34887ea60,
0x000001b34887f780, 0x000001b34887d020, 0x000001b34887d6b0, 0x000001b34994eea0,
0x000001b35784a2c0, 0x000001b35784b670, 0x000001b35784c390, 0x000001b35784ca20,
0x000001b35784d0b0, 0x000001b35784bd00, 0x000001b35784d740, 0x000001b35784ddd0,
0x000001b35784a950, 0x000001b35784afe0, 0x000001b35784eaf0, 0x000001b357851250,
0x000001b35784f180, 0x000001b35784f810, 0x000001b35784fea0, 0x000001b357850530,
0x000001b357850bc0, 0x000001b3578518e0, 0x000001b358ab5950, 0x000001b358ab7a20,
0x000001b358ab8740, 0x000001b358ab8dd0, 0x000001b358ab9460, 0x000001b358ab5fe0,
0x000001b358ab80b0, 0x000001b358ab9af0, 0x000001b358ab6670, 0x000001b358ab6d00,
0x000001b358ab7390, 0x000001b358aba810, 0x000001b358abc8e0, 0x000001b358abcf70,
0x000001b358aba180
}

Java Threads: ( => current thread )
  0x000001b3682a2a40 JavaThread "main"                              [_thread_blocked, id=50436, stack(0x000000a739300000,0x000000a739400000) (1024K)]
  0x000001b368348200 JavaThread "Reference Handler"          daemon [_thread_blocked, id=11928, stack(0x000000a739700000,0x000000a739800000) (1024K)]
  0x000001b368349120 JavaThread "Finalizer"                  daemon [_thread_blocked, id=51008, stack(0x000000a739800000,0x000000a739900000) (1024K)]
  0x000001b368350aa0 JavaThread "Signal Dispatcher"          daemon [_thread_blocked, id=47812, stack(0x000000a739900000,0x000000a739a00000) (1024K)]
  0x000001b368355a60 JavaThread "Attach Listener"            daemon [_thread_blocked, id=32604, stack(0x000000a739a00000,0x000000a739b00000) (1024K)]
  0x000001b368358990 JavaThread "Service Thread"             daemon [_thread_blocked, id=52944, stack(0x000000a739b00000,0x000000a739c00000) (1024K)]
  0x000001b36835cc70 JavaThread "Monitor Deflation Thread"   daemon [_thread_blocked, id=16952, stack(0x000000a739c00000,0x000000a739d00000) (1024K)]
  0x000001b34112d420 JavaThread "C2 CompilerThread0"         daemon [_thread_blocked, id=12776, stack(0x000000a739d00000,0x000000a739e00000) (1024K)]
  0x000001b3411381c0 JavaThread "C1 CompilerThread0"         daemon [_thread_blocked, id=11156, stack(0x000000a739e00000,0x000000a739f00000) (1024K)]
  0x000001b341344e00 JavaThread "Common-Cleaner"             daemon [_thread_blocked, id=12440, stack(0x000000a73a200000,0x000000a73a300000) (1024K)]
  0x000001b3480b9700 JavaThread "Notification Thread"        daemon [_thread_blocked, id=40136, stack(0x000000a73a400000,0x000000a73a500000) (1024K)]
  0x000001b3483b4ad0 JavaThread "Active Thread: Equinox Container: 8a9da379-6709-4cc2-bd89-af8e13f06411"        [_thread_blocked, id=34964, stack(0x000000a73ae00000,0x000000a73af00000) (1024K)]
  0x000001b3483b2370 JavaThread "Refresh Thread: Equinox Container: 8a9da379-6709-4cc2-bd89-af8e13f06411" daemon [_thread_blocked, id=28308, stack(0x000000a73a100000,0x000000a73a200000) (1024K)]
  0x000001b3483b4440 JavaThread "Framework Event Dispatcher: Equinox Container: 8a9da379-6709-4cc2-bd89-af8e13f06411" daemon [_thread_blocked, id=49600, stack(0x000000a73a300000,0x000000a73a400000) (1024K)]
  0x000001b3483b2a00 JavaThread "Start Level: Equinox Container: 8a9da379-6709-4cc2-bd89-af8e13f06411" daemon [_thread_blocked, id=49624, stack(0x000000a73a500000,0x000000a73a600000) (1024K)]
  0x000001b3483b3720 JavaThread "Bundle File Closer"         daemon [_thread_blocked, id=45312, stack(0x000000a73b200000,0x000000a73b300000) (1024K)]
  0x000001b3483b5160 JavaThread "SCR Component Actor"        daemon [_thread_blocked, id=51084, stack(0x000000a73b100000,0x000000a73b200000) (1024K)]
  0x000001b3483b1ce0 JavaThread "Worker-JM"                         [_thread_blocked, id=45716, stack(0x000000a73b800000,0x000000a73b900000) (1024K)]
  0x000001b3483b3090 JavaThread "Worker-0"                          [_thread_blocked, id=49064, stack(0x000000a73ba00000,0x000000a73bb00000) (1024K)]
  0x000001b3483b3db0 JavaThread "Worker-1"                          [_thread_blocked, id=52392, stack(0x000000a73bb00000,0x000000a73bc00000) (1024K)]
  0x000001b34a789a20 JavaThread "Java indexing"              daemon [_thread_blocked, id=34752, stack(0x000000a73c200000,0x000000a73c300000) (1024K)]
  0x000001b34a78a0b0 JavaThread "JNA Cleaner"                daemon [_thread_blocked, id=52908, stack(0x000000a73c300000,0x000000a73c400000) (1024K)]
  0x000001b34a789390 JavaThread "Worker-2: Java indexing... "        [_thread_blocked, id=1724, stack(0x000000a73c600000,0x000000a73c700000) (1024K)]
  0x000001b34a787fe0 JavaThread "Worker-3"                          [_thread_blocked, id=52688, stack(0x000000a73c700000,0x000000a73c800000) (1024K)]
  0x000001b34a788670 JavaThread "Thread-1"                   daemon [_thread_in_native, id=32772, stack(0x000000a73c800000,0x000000a73c900000) (1024K)]
  0x000001b34a78add0 JavaThread "Thread-2"                   daemon [_thread_in_native, id=52592, stack(0x000000a73c900000,0x000000a73ca00000) (1024K)]
  0x000001b34a788d00 JavaThread "Thread-3"                   daemon [_thread_in_native, id=700, stack(0x000000a73ca00000,0x000000a73cb00000) (1024K)]
  0x000001b34a78a740 JavaThread "Thread-4"                   daemon [_thread_in_native, id=52748, stack(0x000000a73cb00000,0x000000a73cc00000) (1024K)]
  0x000001b34a787950 JavaThread "Thread-5"                   daemon [_thread_in_native, id=22276, stack(0x000000a73cc00000,0x000000a73cd00000) (1024K)]
  0x000001b34a78baf0 JavaThread "Thread-6"                   daemon [_thread_in_native, id=47736, stack(0x000000a73cd00000,0x000000a73ce00000) (1024K)]
  0x000001b34a78c810 JavaThread "Thread-7"                   daemon [_thread_in_native, id=5548, stack(0x000000a73ce00000,0x000000a73cf00000) (1024K)]
  0x000001b34a78cea0 JavaThread "Thread-8"                   daemon [_thread_in_native, id=11544, stack(0x000000a73cf00000,0x000000a73d000000) (1024K)]
  0x000001b34a78dbc0 JavaThread "Thread-9"                   daemon [_thread_in_native, id=21556, stack(0x000000a73d000000,0x000000a73d100000) (1024K)]
  0x000001b34a78d530 JavaThread "Thread-10"                  daemon [_thread_in_native, id=13944, stack(0x000000a73d100000,0x000000a73d200000) (1024K)]
  0x000001b34a78c180 JavaThread "Thread-11"                  daemon [_thread_in_native, id=3836, stack(0x000000a73d200000,0x000000a73d300000) (1024K)]
  0x000001b34a78e250 JavaThread "Thread-12"                  daemon [_thread_in_native, id=12428, stack(0x000000a73d300000,0x000000a73d400000) (1024K)]
  0x000001b34a78b460 JavaThread "Thread-13"                  daemon [_thread_in_native, id=48396, stack(0x000000a73d400000,0x000000a73d500000) (1024K)]
  0x000001b34a78e8e0 JavaThread "Thread-14"                  daemon [_thread_in_native, id=14576, stack(0x000000a73d500000,0x000000a73d600000) (1024K)]
  0x000001b34a78ef70 JavaThread "Thread-15"                  daemon [_thread_in_native, id=29740, stack(0x000000a73d600000,0x000000a73d700000) (1024K)]
  0x000001b34994cdd0 JavaThread "Thread-16"                  daemon [_thread_in_native, id=4600, stack(0x000000a73d700000,0x000000a73d800000) (1024K)]
  0x000001b34994b390 JavaThread "Thread-17"                  daemon [_thread_in_native, id=52948, stack(0x000000a73d800000,0x000000a73d900000) (1024K)]
  0x000001b34994d460 JavaThread "Thread-18"                  daemon [_thread_in_native, id=47048, stack(0x000000a73d900000,0x000000a73da00000) (1024K)]
  0x000001b34994a670 JavaThread "Thread-19"                  daemon [_thread_in_native, id=43956, stack(0x000000a73da00000,0x000000a73db00000) (1024K)]
  0x000001b34994ad00 JavaThread "Thread-20"                  daemon [_thread_in_native, id=34304, stack(0x000000a73db00000,0x000000a73dc00000) (1024K)]
  0x000001b34994ba20 JavaThread "Thread-21"                  daemon [_thread_in_native, id=38984, stack(0x000000a73dc00000,0x000000a73dd00000) (1024K)]
  0x000001b34994c0b0 JavaThread "Thread-22"                  daemon [_thread_in_native, id=6196, stack(0x000000a73dd00000,0x000000a73de00000) (1024K)]
  0x000001b349949fe0 JavaThread "Thread-23"                  daemon [_thread_in_native, id=40060, stack(0x000000a73de00000,0x000000a73df00000) (1024K)]
  0x000001b34994c740 JavaThread "Thread-24"                  daemon [_thread_in_native, id=51748, stack(0x000000a73df00000,0x000000a73e000000) (1024K)]
  0x000001b34994e810 JavaThread "Thread-25"                  daemon [_thread_in_native, id=33372, stack(0x000000a73e000000,0x000000a73e100000) (1024K)]
  0x000001b349950250 JavaThread "pool-2-thread-1"                   [_thread_blocked, id=18948, stack(0x000000a73e100000,0x000000a73e200000) (1024K)]
  0x000001b3499508e0 JavaThread "Worker-4: Initialize Workspace"        [_thread_blocked, id=30016, stack(0x000000a73e500000,0x000000a73e600000) (1024K)]
  0x000001b34994f530 JavaThread "Worker-5"                          [_thread_blocked, id=50536, stack(0x000000a73e600000,0x000000a73e700000) (1024K)]
  0x000001b349950f70 JavaThread "WorkspaceEventsHandler"            [_thread_blocked, id=51808, stack(0x000000a73e700000,0x000000a73e800000) (1024K)]
  0x000001b34994daf0 JavaThread "pool-1-thread-1"                   [_thread_blocked, id=29512, stack(0x000000a73e800000,0x000000a73e900000) (1024K)]
  0x000001b34d18a400 JavaThread "C2 CompilerThread1"         daemon [_thread_blocked, id=19660, stack(0x000000a73b300000,0x000000a73b400000) (1024K)]
  0x000001b34d18b1a0 JavaThread "C2 CompilerThread2"         daemon [_thread_blocked, id=25476, stack(0x000000a73b400000,0x000000a73b500000) (1024K)]
=>0x000001b34baedd00 JavaThread "C2 CompilerThread3"         daemon [_thread_in_native, id=27380, stack(0x000000a73bd00000,0x000000a73be00000) (1024K)]
  0x000001b34ae231d0 JavaThread "C2 CompilerThread4"         daemon [_thread_blocked, id=35944, stack(0x000000a73e200000,0x000000a73e300000) (1024K)]
  0x000001b34d18b870 JavaThread "C2 CompilerThread5"         daemon [_thread_blocked, id=22612, stack(0x000000a73e300000,0x000000a73e400000) (1024K)]
  0x000001b348879510 JavaThread "LocalFile Deleter"          daemon [_thread_blocked, id=20840, stack(0x000000a73ea00000,0x000000a73eb00000) (1024K)]
  0x000001b34887bc70 JavaThread "LocalFile Deleter"          daemon [_thread_blocked, id=40080, stack(0x000000a73ec00000,0x000000a73ed00000) (1024K)]
  0x000001b348879ba0 JavaThread "LocalFile Deleter"          daemon [_thread_blocked, id=43052, stack(0x000000a73ed00000,0x000000a73ee00000) (1024K)]
  0x000001b3488787f0 JavaThread "LocalFile Deleter"          daemon [_thread_blocked, id=39384, stack(0x000000a73ee00000,0x000000a73ef00000) (1024K)]
  0x000001b34887a230 JavaThread "LocalFile Deleter"          daemon [_thread_blocked, id=52740, stack(0x000000a73ef00000,0x000000a73f000000) (1024K)]
  0x000001b34887c300 JavaThread "LocalFile Deleter"          daemon [_thread_blocked, id=26404, stack(0x000000a73f000000,0x000000a73f100000) (1024K)]
  0x000001b348878e80 JavaThread "LocalFile Deleter"          daemon [_thread_blocked, id=40100, stack(0x000000a73f100000,0x000000a73f200000) (1024K)]
  0x000001b34887dd40 JavaThread "LocalFile Deleter"          daemon [_thread_blocked, id=25604, stack(0x000000a73f200000,0x000000a73f300000) (1024K)]
  0x000001b34887a8c0 JavaThread "LocalFile Deleter"          daemon [_thread_blocked, id=17900, stack(0x000000a73f300000,0x000000a73f400000) (1024K)]
  0x000001b34887f0f0 JavaThread "LocalFile Deleter"          daemon [_thread_blocked, id=45672, stack(0x000000a73f400000,0x000000a73f500000) (1024K)]
  0x000001b34887e3d0 JavaThread "Compiler Source File Reader" daemon [_thread_blocked, id=39188, stack(0x000000a73f500000,0x000000a73f600000) (1024K)]
  0x000001b34887c990 JavaThread "Compiler Source File Reader" daemon [_thread_blocked, id=21200, stack(0x000000a73f600000,0x000000a73f700000) (1024K)]
  0x000001b34887ea60 JavaThread "Compiler Source File Reader" daemon [_thread_blocked, id=30080, stack(0x000000a73f700000,0x000000a73f800000) (1024K)]
  0x000001b34887f780 JavaThread "Compiler Source File Reader" daemon [_thread_blocked, id=52552, stack(0x000000a73f800000,0x000000a73f900000) (1024K)]
  0x000001b34887d020 JavaThread "Compiler Source File Reader" daemon [_thread_blocked, id=13608, stack(0x000000a73f900000,0x000000a73fa00000) (1024K)]
  0x000001b34887d6b0 JavaThread "Compiler Source File Reader" daemon [_thread_blocked, id=11284, stack(0x000000a73fa00000,0x000000a73fb00000) (1024K)]
  0x000001b34994eea0 JavaThread "ForkJoinPool.commonPool-worker-1" daemon [_thread_blocked, id=16660, stack(0x000000a73eb00000,0x000000a73ec00000) (1024K)]
  0x000001b35784a2c0 JavaThread "Compiler Processing Task"   daemon [_thread_blocked, id=53152, stack(0x000000a73fc00000,0x000000a73fd00000) (1024K)]
  0x000001b35784b670 JavaThread "Compiler Class File Writer" daemon [_thread_blocked, id=14032, stack(0x000000a73fd00000,0x000000a73fe00000) (1024K)]
  0x000001b35784c390 JavaThread "Compiler Class File Writer" daemon [_thread_blocked, id=47092, stack(0x000000a73fe00000,0x000000a73ff00000) (1024K)]
  0x000001b35784ca20 JavaThread "Compiler Class File Writer" daemon [_thread_blocked, id=30828, stack(0x000000a73ff00000,0x000000a740000000) (1024K)]
  0x000001b35784d0b0 JavaThread "Compiler Class File Writer" daemon [_thread_blocked, id=50460, stack(0x000000a740000000,0x000000a740100000) (1024K)]
  0x000001b35784bd00 JavaThread "Compiler Class File Writer" daemon [_thread_blocked, id=43476, stack(0x000000a740100000,0x000000a740200000) (1024K)]
  0x000001b35784d740 JavaThread "Compiler Class File Writer" daemon [_thread_blocked, id=53184, stack(0x000000a740200000,0x000000a740300000) (1024K)]
  0x000001b35784ddd0 JavaThread "Compiler Class File Writer" daemon [_thread_blocked, id=44948, stack(0x000000a740300000,0x000000a740400000) (1024K)]
  0x000001b35784a950 JavaThread "Compiler Source File Reader" daemon [_thread_blocked, id=10132, stack(0x000000a740400000,0x000000a740500000) (1024K)]
  0x000001b35784afe0 JavaThread "Compiler Class File Writer" daemon [_thread_blocked, id=37204, stack(0x000000a740500000,0x000000a740600000) (1024K)]
  0x000001b35784eaf0 JavaThread "Worker-6: Check JDK Index"         [_thread_blocked, id=24700, stack(0x000000a740600000,0x000000a740700000) (1024K)]
  0x000001b357851250 JavaThread "LocalFile Deleter"          daemon [_thread_blocked, id=42760, stack(0x000000a740700000,0x000000a740800000) (1024K)]
  0x000001b35784f180 JavaThread "LocalFile Deleter"          daemon [_thread_blocked, id=37832, stack(0x000000a740800000,0x000000a740900000) (1024K)]
  0x000001b35784f810 JavaThread "LocalFile Deleter"          daemon [_thread_blocked, id=49296, stack(0x000000a740900000,0x000000a740a00000) (1024K)]
  0x000001b35784fea0 JavaThread "LocalFile Deleter"          daemon [_thread_blocked, id=14460, stack(0x000000a740a00000,0x000000a740b00000) (1024K)]
  0x000001b357850530 JavaThread "Compiler Source File Reader" daemon [_thread_blocked, id=33860, stack(0x000000a740b00000,0x000000a740c00000) (1024K)]
  0x000001b357850bc0 JavaThread "Compiler Source File Reader" daemon [_thread_blocked, id=51864, stack(0x000000a740c00000,0x000000a740d00000) (1024K)]
  0x000001b3578518e0 JavaThread "Compiler Source File Reader" daemon [_thread_blocked, id=39272, stack(0x000000a740d00000,0x000000a740e00000) (1024K)]
  0x000001b358ab5950 JavaThread "Compiler Source File Reader" daemon [_thread_blocked, id=16076, stack(0x000000a740e00000,0x000000a740f00000) (1024K)]
  0x000001b358ab7a20 JavaThread "Compiler Source File Reader" daemon [_thread_blocked, id=20804, stack(0x000000a740f00000,0x000000a741000000) (1024K)]
  0x000001b358ab8740 JavaThread "Compiler Source File Reader" daemon [_thread_blocked, id=52852, stack(0x000000a741000000,0x000000a741100000) (1024K)]
  0x000001b358ab8dd0 JavaThread "Compiler Source File Reader" daemon [_thread_blocked, id=50848, stack(0x000000a741100000,0x000000a741200000) (1024K)]
  0x000001b358ab9460 JavaThread "Compiler Source File Reader" daemon [_thread_blocked, id=52288, stack(0x000000a741200000,0x000000a741300000) (1024K)]
  0x000001b358ab5fe0 JavaThread "Compiler Class File Writer" daemon [_thread_blocked, id=51540, stack(0x000000a741300000,0x000000a741400000) (1024K)]
  0x000001b358ab80b0 JavaThread "Compiler Class File Writer" daemon [_thread_blocked, id=24588, stack(0x000000a741400000,0x000000a741500000) (1024K)]
  0x000001b358ab9af0 JavaThread "Compiler Class File Writer" daemon [_thread_blocked, id=39832, stack(0x000000a741500000,0x000000a741600000) (1024K)]
  0x000001b358ab6670 JavaThread "Compiler Class File Writer" daemon [_thread_blocked, id=51100, stack(0x000000a741600000,0x000000a741700000) (1024K)]
  0x000001b358ab6d00 JavaThread "Compiler Class File Writer" daemon [_thread_blocked, id=39124, stack(0x000000a741700000,0x000000a741800000) (1024K)]
  0x000001b358ab7390 JavaThread "Compiler Class File Writer" daemon [_thread_blocked, id=52304, stack(0x000000a741800000,0x000000a741900000) (1024K)]
  0x000001b358aba810 JavaThread "Compiler Class File Writer" daemon [_thread_blocked, id=24688, stack(0x000000a741900000,0x000000a741a00000) (1024K)]
  0x000001b358abc8e0 JavaThread "Compiler Class File Writer" daemon [_thread_blocked, id=51876, stack(0x000000a741a00000,0x000000a741b00000) (1024K)]
  0x000001b358abcf70 JavaThread "Compiler Class File Writer" daemon [_thread_blocked, id=35588, stack(0x000000a741b00000,0x000000a741c00000) (1024K)]
  0x000001b358aba180 JavaThread "Compiler Class File Writer" daemon [_thread_blocked, id=36020, stack(0x000000a741c00000,0x000000a741d00000) (1024K)]
Total: 109

Other Threads:
  0x000001b36823a210 VMThread "VM Thread"                           [id=26904, stack(0x000000a739600000,0x000000a739700000) (1024K)]
  0x000001b36812ca00 WatcherThread "VM Periodic Task Thread"        [id=19936, stack(0x000000a739500000,0x000000a739600000) (1024K)]
  0x000001b3682c0eb0 WorkerThread "GC Thread#0"                     [id=38760, stack(0x000000a739400000,0x000000a739500000) (1024K)]
  0x000001b348bd0280 WorkerThread "GC Thread#1"                     [id=42428, stack(0x000000a73a600000,0x000000a73a700000) (1024K)]
  0x000001b348b47630 WorkerThread "GC Thread#2"                     [id=24748, stack(0x000000a73a700000,0x000000a73a800000) (1024K)]
  0x000001b348b479e0 WorkerThread "GC Thread#3"                     [id=36336, stack(0x000000a73a800000,0x000000a73a900000) (1024K)]
  0x000001b3484d25c0 WorkerThread "GC Thread#4"                     [id=50244, stack(0x000000a73a900000,0x000000a73aa00000) (1024K)]
  0x000001b3484d2970 WorkerThread "GC Thread#5"                     [id=26636, stack(0x000000a73aa00000,0x000000a73ab00000) (1024K)]
  0x000001b34813c680 WorkerThread "GC Thread#6"                     [id=37308, stack(0x000000a73ab00000,0x000000a73ac00000) (1024K)]
  0x000001b348e25100 WorkerThread "GC Thread#7"                     [id=51600, stack(0x000000a73af00000,0x000000a73b000000) (1024K)]
  0x000001b34122c840 WorkerThread "GC Thread#8"                     [id=37524, stack(0x000000a73a000000,0x000000a73a100000) (1024K)]
  0x000001b34809b550 WorkerThread "GC Thread#9"                     [id=50192, stack(0x000000a73ac00000,0x000000a73ad00000) (1024K)]
  0x000001b3413f47e0 WorkerThread "GC Thread#10"                    [id=44460, stack(0x000000a73ad00000,0x000000a73ae00000) (1024K)]
  0x000001b348d520e0 WorkerThread "GC Thread#11"                    [id=39168, stack(0x000000a739f00000,0x000000a73a000000) (1024K)]
  0x000001b348d52490 WorkerThread "GC Thread#12"                    [id=50828, stack(0x000000a73b700000,0x000000a73b800000) (1024K)]
  0x000001b348d52840 WorkerThread "GC Thread#13"                    [id=50212, stack(0x000000a73b900000,0x000000a73ba00000) (1024K)]
  0x000001b348d53700 WorkerThread "GC Thread#14"                    [id=43120, stack(0x000000a73be00000,0x000000a73bf00000) (1024K)]
  0x000001b348d52fa0 WorkerThread "GC Thread#15"                    [id=15728, stack(0x000000a73bf00000,0x000000a73c000000) (1024K)]
  0x000001b348d53ab0 WorkerThread "GC Thread#16"                    [id=28216, stack(0x000000a73c000000,0x000000a73c100000) (1024K)]
  0x000001b348d53350 WorkerThread "GC Thread#17"                    [id=52296, stack(0x000000a73c100000,0x000000a73c200000) (1024K)]
Total: 20

Threads with active compile tasks:
C2 CompilerThread3  35185 14709   !   4       org.eclipse.jdt.internal.core.search.indexing.BinaryIndexer::indexDocument (1172 bytes)
Total: 1

VM state: at safepoint (normal execution)

VM Mutex/Monitor currently owned by a thread:  ([mutex/lock_event])
[0x00007fff26d8e560] Threads_lock - owner thread: 0x000001b36823a210
[0x00007fff26d8e660] Heap_lock - owner thread: 0x000001b34a789a20
[0x00007fff26d8eae0] PSOldGenExpand_lock - owner thread: 0x000001b348d53700

Heap address: 0x0000000080000000, size: 2048 MB, Compressed Oops mode: 32-bit

CDS archive(s) mapped at: [0x000001b300000000-0x000001b300ba0000-0x000001b300ba0000), size 12189696, SharedBaseAddress: 0x000001b300000000, ArchiveRelocationMode: 1.
Compressed class space mapped at: 0x000001b301000000-0x000001b341000000, reserved size: 1073741824
Narrow klass base: 0x000001b300000000, Narrow klass shift: 0, Narrow klass range: 0x100000000

GC Precious Log:
 CardTable entry size: 512
 CPUs: 24 total, 24 available
 Memory: 32691M
 Large Page Support: Disabled
 NUMA Support: Disabled
 Compressed Oops: Enabled (32-bit)
 Alignments: Space 512K, Generation 512K, Heap 2M
 Heap Min Capacity: 100M
 Heap Initial Capacity: 100M
 Heap Max Capacity: 2G
 Pre-touch: Disabled
 Parallel Workers: 18

Heap:
 PSYoungGen      total 9728K, used 9707K [0x00000000d5580000, 0x00000000d6500000, 0x0000000100000000)
  eden space 7680K, 100% used [0x00000000d5580000,0x00000000d5d00000,0x00000000d5d00000)
  from space 2048K, 98% used [0x00000000d5d00000,0x00000000d5efac98,0x00000000d5f00000)
  to   space 4096K, 50% used [0x00000000d6100000,0x00000000d6302220,0x00000000d6500000)
 ParOldGen       total 228864K, used 228861K [0x0000000080000000, 0x000000008df80000, 0x00000000d5580000)
  object space 228864K, 99% used [0x0000000080000000,0x000000008df7f700,0x000000008df80000)
 Metaspace       used 72564K, committed 74176K, reserved 1179648K
  class space    used 7673K, committed 8384K, reserved 1048576K

Card table byte_map: [0x000001b367c40000,0x000001b368050000] _byte_map_base: 0x000001b367840000

Marking Bits: (ParMarkBitMap*) 0x00007fff26d93450
 Begin Bits: [0x000001b37a750000, 0x000001b37c750000)
 End Bits:   [0x000001b37c750000, 0x000001b37e750000)

Polling page: 0x000001b366090000

Metaspace:

Usage:
  Non-class:     63.37 MB used.
      Class:      7.49 MB used.
       Both:     70.86 MB used.

Virtual space:
  Non-class space:      128.00 MB reserved,      64.25 MB ( 50%) committed,  2 nodes.
      Class space:        1.00 GB reserved,       8.19 MB ( <1%) committed,  1 nodes.
             Both:        1.12 GB reserved,      72.44 MB (  6%) committed. 

Chunk freelists:
   Non-Class:  15.48 MB
       Class:  7.66 MB
        Both:  23.14 MB

MaxMetaspaceSize: unlimited
CompressedClassSpaceSize: 1.00 GB
Initial GC threshold: 21.00 MB
Current GC threshold: 97.31 MB
CDS: on
 - commit_granule_bytes: 65536.
 - commit_granule_words: 8192.
 - virtual_space_node_default_size: 8388608.
 - enlarge_chunks_in_place: 1.
 - use_allocation_guard: 0.


Internal statistics:

num_allocs_failed_limit: 9.
num_arena_births: 1248.
num_arena_deaths: 24.
num_vsnodes_births: 3.
num_vsnodes_deaths: 0.
num_space_committed: 1159.
num_space_uncommitted: 0.
num_chunks_returned_to_freelist: 38.
num_chunks_taken_from_freelist: 4459.
num_chunk_merges: 20.
num_chunk_splits: 2765.
num_chunks_enlarged: 1607.
num_inconsistent_stats: 0.

CodeHeap 'non-profiled nmethods': size=119168Kb used=10847Kb max_used=10847Kb free=108320Kb
 bounds [0x000001b373040000, 0x000001b373ae0000, 0x000001b37a4a0000]
CodeHeap 'profiled nmethods': size=119104Kb used=32458Kb max_used=32458Kb free=86645Kb
 bounds [0x000001b36b4a0000, 0x000001b36d460000, 0x000001b3728f0000]
CodeHeap 'non-nmethods': size=7488Kb used=1473Kb max_used=3279Kb free=6015Kb
 bounds [0x000001b3728f0000, 0x000001b372c60000, 0x000001b373040000]
CodeCache: size=245760Kb, used=44778Kb, max_used=46584Kb, free=200980Kb
 total_blobs=14725, nmethods=13938, adapters=691, full_count=0
Compilation: enabled, stopped_count=0, restarted_count=0

Compilation events (20 events):
Event: 31.971 Thread 0x000001b34d18b870 nmethod 14602 0x000001b373ab2610 code [0x000001b373ab29c0, 0x000001b373ab4878]
Event: 31.978 Thread 0x000001b34be36b10 nmethod 14596 0x000001b373ab6490 code [0x000001b373ab6900, 0x000001b373ab8c48]
Event: 31.978 Thread 0x000001b34ba33ad0 14711       4       org.eclipse.jdt.internal.core.search.indexing.BinaryIndexer::convertToArrayType (63 bytes)
Event: 31.984 Thread 0x000001b34ba33ad0 nmethod 14711 0x000001b373abae10 code [0x000001b373abafc0, 0x000001b373abb480]
Event: 31.997 Thread 0x000001b34d18a400 nmethod 14609 0x000001b373abb610 code [0x000001b373abbc60, 0x000001b373abef28]
Event: 32.010 Thread 0x000001b34a561ad0 14712       3       java.lang.Long::sum (4 bytes)
Event: 32.010 Thread 0x000001b34a561ad0 nmethod 14712 0x000001b36d451590 code [0x000001b36d451720, 0x000001b36d451810]
Event: 32.045 Thread 0x000001b3411381c0 14713       3       org.eclipse.jdt.internal.compiler.classfmt.FieldInfo::decodeAnnotations (185 bytes)
Event: 32.046 Thread 0x000001b3411381c0 nmethod 14713 0x000001b36d451890 code [0x000001b36d451aa0, 0x000001b36d452588]
Event: 32.063 Thread 0x000001b34112d420 14714       4       org.eclipse.jdt.internal.core.search.indexing.BinaryIndexer::addBinaryAnnotation (87 bytes)
Event: 33.078 Thread 0x000001b34d18b1a0 nmethod 14599 0x000001b373ac1b10 code [0x000001b373ac2500, 0x000001b373ac8d30]
Event: 33.083 Thread 0x000001b34ae231d0 14715       4       jdk.internal.jimage.ImageReader::getResource (13 bytes)
Event: 33.084 Thread 0x000001b34d18b870 14716       4       jdk.internal.jimage.ImageReader$SharedImageReader::getResource (44 bytes)
Event: 33.104 Thread 0x000001b34d18a400 14717       4       java.util.Collections::emptyIterator (4 bytes)
Event: 33.104 Thread 0x000001b34d18a400 nmethod 14717 0x000001b373acdf10 code [0x000001b373ace0a0, 0x000001b373ace110]
Event: 33.106 Thread 0x000001b34ae231d0 nmethod 14715 0x000001b373ace210 code [0x000001b373ace4c0, 0x000001b373acf788]
Event: 33.109 Thread 0x000001b34d18b870 nmethod 14716 0x000001b373ad0a90 code [0x000001b373ad0d20, 0x000001b373ad1f30]
Event: 33.115 Thread 0x000001b34112d420 nmethod 14714 0x000001b373ad3010 code [0x000001b373ad3460, 0x000001b373ad5d30]
Event: 33.121 Thread 0x000001b34d18a400 14718       4       org.eclipse.jdt.core.Signature::checkNextChar (42 bytes)
Event: 33.122 Thread 0x000001b34d18a400 nmethod 14718 0x000001b373ad7990 code [0x000001b373ad7b40, 0x000001b373ad7d40]

GC Heap History (20 events):
Event: 31.983 GC heap after
{Heap after GC invocations=157 (full 3):
 PSYoungGen      total 8192K, used 1576K [0x00000000d5580000, 0x00000000d5f80000, 0x0000000100000000)
  eden space 6144K, 0% used [0x00000000d5580000,0x00000000d5580000,0x00000000d5b80000)
  from space 2048K, 76% used [0x00000000d5d80000,0x00000000d5f0a080,0x00000000d5f80000)
  to   space 2048K, 0% used [0x00000000d5b80000,0x00000000d5b80000,0x00000000d5d80000)
 ParOldGen       total 215040K, used 214856K [0x0000000080000000, 0x000000008d200000, 0x00000000d5580000)
  object space 215040K, 99% used [0x0000000080000000,0x000000008d1d23a8,0x000000008d200000)
 Metaspace       used 72504K, committed 74112K, reserved 1179648K
  class space    used 7665K, committed 8384K, reserved 1048576K
}
Event: 31.993 GC heap before
{Heap before GC invocations=158 (full 3):
 PSYoungGen      total 8192K, used 7720K [0x00000000d5580000, 0x00000000d5f80000, 0x0000000100000000)
  eden space 6144K, 100% used [0x00000000d5580000,0x00000000d5b80000,0x00000000d5b80000)
  from space 2048K, 76% used [0x00000000d5d80000,0x00000000d5f0a080,0x00000000d5f80000)
  to   space 2048K, 0% used [0x00000000d5b80000,0x00000000d5b80000,0x00000000d5d80000)
 ParOldGen       total 215040K, used 214856K [0x0000000080000000, 0x000000008d200000, 0x00000000d5580000)
  object space 215040K, 99% used [0x0000000080000000,0x000000008d1d23a8,0x000000008d200000)
 Metaspace       used 72504K, committed 74112K, reserved 1179648K
  class space    used 7665K, committed 8384K, reserved 1048576K
}
Event: 31.995 GC heap after
{Heap after GC invocations=158 (full 3):
 PSYoungGen      total 8192K, used 1628K [0x00000000d5580000, 0x00000000d5f80000, 0x0000000100000000)
  eden space 6144K, 0% used [0x00000000d5580000,0x00000000d5580000,0x00000000d5b80000)
  from space 2048K, 79% used [0x00000000d5b80000,0x00000000d5d17338,0x00000000d5d80000)
  to   space 2048K, 0% used [0x00000000d5d80000,0x00000000d5d80000,0x00000000d5f80000)
 ParOldGen       total 216576K, used 216227K [0x0000000080000000, 0x000000008d380000, 0x00000000d5580000)
  object space 216576K, 99% used [0x0000000080000000,0x000000008d328cf0,0x000000008d380000)
 Metaspace       used 72504K, committed 74112K, reserved 1179648K
  class space    used 7665K, committed 8384K, reserved 1048576K
}
Event: 32.005 GC heap before
{Heap before GC invocations=159 (full 3):
 PSYoungGen      total 8192K, used 7772K [0x00000000d5580000, 0x00000000d5f80000, 0x0000000100000000)
  eden space 6144K, 100% used [0x00000000d5580000,0x00000000d5b80000,0x00000000d5b80000)
  from space 2048K, 79% used [0x00000000d5b80000,0x00000000d5d17338,0x00000000d5d80000)
  to   space 2048K, 0% used [0x00000000d5d80000,0x00000000d5d80000,0x00000000d5f80000)
 ParOldGen       total 216576K, used 216227K [0x0000000080000000, 0x000000008d380000, 0x00000000d5580000)
  object space 216576K, 99% used [0x0000000080000000,0x000000008d328cf0,0x000000008d380000)
 Metaspace       used 72504K, committed 74112K, reserved 1179648K
  class space    used 7665K, committed 8384K, reserved 1048576K
}
Event: 32.006 GC heap after
{Heap after GC invocations=159 (full 3):
 PSYoungGen      total 8192K, used 1678K [0x00000000d5580000, 0x00000000d5f80000, 0x0000000100000000)
  eden space 6144K, 0% used [0x00000000d5580000,0x00000000d5580000,0x00000000d5b80000)
  from space 2048K, 81% used [0x00000000d5d80000,0x00000000d5f23be0,0x00000000d5f80000)
  to   space 2048K, 0% used [0x00000000d5b80000,0x00000000d5b80000,0x00000000d5d80000)
 ParOldGen       total 217600K, used 217584K [0x0000000080000000, 0x000000008d480000, 0x00000000d5580000)
  object space 217600K, 99% used [0x0000000080000000,0x000000008d47c090,0x000000008d480000)
 Metaspace       used 72504K, committed 74112K, reserved 1179648K
  class space    used 7665K, committed 8384K, reserved 1048576K
}
Event: 32.016 GC heap before
{Heap before GC invocations=160 (full 3):
 PSYoungGen      total 8192K, used 7822K [0x00000000d5580000, 0x00000000d5f80000, 0x0000000100000000)
  eden space 6144K, 100% used [0x00000000d5580000,0x00000000d5b80000,0x00000000d5b80000)
  from space 2048K, 81% used [0x00000000d5d80000,0x00000000d5f23be0,0x00000000d5f80000)
  to   space 2048K, 0% used [0x00000000d5b80000,0x00000000d5b80000,0x00000000d5d80000)
 ParOldGen       total 217600K, used 217584K [0x0000000080000000, 0x000000008d480000, 0x00000000d5580000)
  object space 217600K, 99% used [0x0000000080000000,0x000000008d47c090,0x000000008d480000)
 Metaspace       used 72564K, committed 74176K, reserved 1179648K
  class space    used 7673K, committed 8384K, reserved 1048576K
}
Event: 32.018 GC heap after
{Heap after GC invocations=160 (full 3):
 PSYoungGen      total 8192K, used 1543K [0x00000000d5580000, 0x00000000d5f80000, 0x0000000100000000)
  eden space 6144K, 0% used [0x00000000d5580000,0x00000000d5580000,0x00000000d5b80000)
  from space 2048K, 75% used [0x00000000d5b80000,0x00000000d5d01fe0,0x00000000d5d80000)
  to   space 2048K, 0% used [0x00000000d5d80000,0x00000000d5d80000,0x00000000d5f80000)
 ParOldGen       total 219136K, used 219017K [0x0000000080000000, 0x000000008d600000, 0x00000000d5580000)
  object space 219136K, 99% used [0x0000000080000000,0x000000008d5e26f8,0x000000008d600000)
 Metaspace       used 72564K, committed 74176K, reserved 1179648K
  class space    used 7673K, committed 8384K, reserved 1048576K
}
Event: 32.033 GC heap before
{Heap before GC invocations=161 (full 3):
 PSYoungGen      total 8192K, used 7687K [0x00000000d5580000, 0x00000000d5f80000, 0x0000000100000000)
  eden space 6144K, 100% used [0x00000000d5580000,0x00000000d5b80000,0x00000000d5b80000)
  from space 2048K, 75% used [0x00000000d5b80000,0x00000000d5d01fe0,0x00000000d5d80000)
  to   space 2048K, 0% used [0x00000000d5d80000,0x00000000d5d80000,0x00000000d5f80000)
 ParOldGen       total 219136K, used 219017K [0x0000000080000000, 0x000000008d600000, 0x00000000d5580000)
  object space 219136K, 99% used [0x0000000080000000,0x000000008d5e26f8,0x000000008d600000)
 Metaspace       used 72564K, committed 74176K, reserved 1179648K
  class space    used 7673K, committed 8384K, reserved 1048576K
}
Event: 32.035 GC heap after
{Heap after GC invocations=161 (full 3):
 PSYoungGen      total 8192K, used 1544K [0x00000000d5580000, 0x00000000d5f80000, 0x0000000100000000)
  eden space 6144K, 0% used [0x00000000d5580000,0x00000000d5580000,0x00000000d5b80000)
  from space 2048K, 75% used [0x00000000d5d80000,0x00000000d5f02270,0x00000000d5f80000)
  to   space 2048K, 0% used [0x00000000d5b80000,0x00000000d5b80000,0x00000000d5d80000)
 ParOldGen       total 220672K, used 220274K [0x0000000080000000, 0x000000008d780000, 0x00000000d5580000)
  object space 220672K, 99% used [0x0000000080000000,0x000000008d71cb40,0x000000008d780000)
 Metaspace       used 72564K, committed 74176K, reserved 1179648K
  class space    used 7673K, committed 8384K, reserved 1048576K
}
Event: 32.051 GC heap before
{Heap before GC invocations=162 (full 3):
 PSYoungGen      total 8192K, used 7688K [0x00000000d5580000, 0x00000000d5f80000, 0x0000000100000000)
  eden space 6144K, 100% used [0x00000000d5580000,0x00000000d5b80000,0x00000000d5b80000)
  from space 2048K, 75% used [0x00000000d5d80000,0x00000000d5f02270,0x00000000d5f80000)
  to   space 2048K, 0% used [0x00000000d5b80000,0x00000000d5b80000,0x00000000d5d80000)
 ParOldGen       total 220672K, used 220274K [0x0000000080000000, 0x000000008d780000, 0x00000000d5580000)
  object space 220672K, 99% used [0x0000000080000000,0x000000008d71cb40,0x000000008d780000)
 Metaspace       used 72564K, committed 74176K, reserved 1179648K
  class space    used 7673K, committed 8384K, reserved 1048576K
}
Event: 32.053 GC heap after
{Heap after GC invocations=162 (full 3):
 PSYoungGen      total 8192K, used 1684K [0x00000000d5580000, 0x00000000d5f80000, 0x0000000100000000)
  eden space 6144K, 0% used [0x00000000d5580000,0x00000000d5580000,0x00000000d5b80000)
  from space 2048K, 82% used [0x00000000d5b80000,0x00000000d5d25138,0x00000000d5d80000)
  to   space 2048K, 0% used [0x00000000d5d80000,0x00000000d5d80000,0x00000000d5f80000)
 ParOldGen       total 221696K, used 221631K [0x0000000080000000, 0x000000008d880000, 0x00000000d5580000)
  object space 221696K, 99% used [0x0000000080000000,0x000000008d86fe70,0x000000008d880000)
 Metaspace       used 72564K, committed 74176K, reserved 1179648K
  class space    used 7673K, committed 8384K, reserved 1048576K
}
Event: 32.065 GC heap before
{Heap before GC invocations=163 (full 3):
 PSYoungGen      total 8192K, used 7828K [0x00000000d5580000, 0x00000000d5f80000, 0x0000000100000000)
  eden space 6144K, 100% used [0x00000000d5580000,0x00000000d5b80000,0x00000000d5b80000)
  from space 2048K, 82% used [0x00000000d5b80000,0x00000000d5d25138,0x00000000d5d80000)
  to   space 2048K, 0% used [0x00000000d5d80000,0x00000000d5d80000,0x00000000d5f80000)
 ParOldGen       total 221696K, used 221631K [0x0000000080000000, 0x000000008d880000, 0x00000000d5580000)
  object space 221696K, 99% used [0x0000000080000000,0x000000008d86fe70,0x000000008d880000)
 Metaspace       used 72564K, committed 74176K, reserved 1179648K
  class space    used 7673K, committed 8384K, reserved 1048576K
}
Event: 33.066 GC heap after
{Heap after GC invocations=163 (full 3):
 PSYoungGen      total 8192K, used 1631K [0x00000000d5580000, 0x00000000d6100000, 0x0000000100000000)
  eden space 6144K, 0% used [0x00000000d5580000,0x00000000d5580000,0x00000000d5b80000)
  from space 2048K, 79% used [0x00000000d5d80000,0x00000000d5f17c60,0x00000000d5f80000)
  to   space 2048K, 0% used [0x00000000d5b80000,0x00000000d5b80000,0x00000000d5d80000)
 ParOldGen       total 223232K, used 223042K [0x0000000080000000, 0x000000008da00000, 0x00000000d5580000)
  object space 223232K, 99% used [0x0000000080000000,0x000000008d9d0a38,0x000000008da00000)
 Metaspace       used 72564K, committed 74176K, reserved 1179648K
  class space    used 7673K, committed 8384K, reserved 1048576K
}
Event: 33.079 GC heap before
{Heap before GC invocations=164 (full 3):
 PSYoungGen      total 8192K, used 7775K [0x00000000d5580000, 0x00000000d6100000, 0x0000000100000000)
  eden space 6144K, 100% used [0x00000000d5580000,0x00000000d5b80000,0x00000000d5b80000)
  from space 2048K, 79% used [0x00000000d5d80000,0x00000000d5f17c60,0x00000000d5f80000)
  to   space 2048K, 0% used [0x00000000d5b80000,0x00000000d5b80000,0x00000000d5d80000)
 ParOldGen       total 223232K, used 223042K [0x0000000080000000, 0x000000008da00000, 0x00000000d5580000)
  object space 223232K, 99% used [0x0000000080000000,0x000000008d9d0a38,0x000000008da00000)
 Metaspace       used 72564K, committed 74176K, reserved 1179648K
  class space    used 7673K, committed 8384K, reserved 1048576K
}
Event: 33.080 GC heap after
{Heap after GC invocations=164 (full 3):
 PSYoungGen      total 8192K, used 1649K [0x00000000d5580000, 0x00000000d6100000, 0x0000000100000000)
  eden space 6144K, 0% used [0x00000000d5580000,0x00000000d5580000,0x00000000d5b80000)
  from space 2048K, 80% used [0x00000000d5b80000,0x00000000d5d1c548,0x00000000d5d80000)
  to   space 2048K, 0% used [0x00000000d5f00000,0x00000000d5f00000,0x00000000d6100000)
 ParOldGen       total 224768K, used 224510K [0x0000000080000000, 0x000000008db80000, 0x00000000d5580000)
  object space 224768K, 99% used [0x0000000080000000,0x000000008db3fa58,0x000000008db80000)
 Metaspace       used 72564K, committed 74176K, reserved 1179648K
  class space    used 7673K, committed 8384K, reserved 1048576K
}
Event: 33.091 GC heap before
{Heap before GC invocations=165 (full 3):
 PSYoungGen      total 8192K, used 7793K [0x00000000d5580000, 0x00000000d6100000, 0x0000000100000000)
  eden space 6144K, 100% used [0x00000000d5580000,0x00000000d5b80000,0x00000000d5b80000)
  from space 2048K, 80% used [0x00000000d5b80000,0x00000000d5d1c548,0x00000000d5d80000)
  to   space 2048K, 0% used [0x00000000d5f00000,0x00000000d5f00000,0x00000000d6100000)
 ParOldGen       total 224768K, used 224510K [0x0000000080000000, 0x000000008db80000, 0x00000000d5580000)
  object space 224768K, 99% used [0x0000000080000000,0x000000008db3fa58,0x000000008db80000)
 Metaspace       used 72564K, committed 74176K, reserved 1179648K
  class space    used 7673K, committed 8384K, reserved 1048576K
}
Event: 33.092 GC heap after
{Heap after GC invocations=165 (full 3):
 PSYoungGen      total 9728K, used 1630K [0x00000000d5580000, 0x00000000d6100000, 0x0000000100000000)
  eden space 7680K, 0% used [0x00000000d5580000,0x00000000d5580000,0x00000000d5d00000)
  from space 2048K, 79% used [0x00000000d5f00000,0x00000000d6097b68,0x00000000d6100000)
  to   space 2048K, 0% used [0x00000000d5d00000,0x00000000d5d00000,0x00000000d5f00000)
 ParOldGen       total 226304K, used 225939K [0x0000000080000000, 0x000000008dd00000, 0x00000000d5580000)
  object space 226304K, 99% used [0x0000000080000000,0x000000008dca4d00,0x000000008dd00000)
 Metaspace       used 72564K, committed 74176K, reserved 1179648K
  class space    used 7673K, committed 8384K, reserved 1048576K
}
Event: 33.107 GC heap before
{Heap before GC invocations=166 (full 3):
 PSYoungGen      total 9728K, used 9310K [0x00000000d5580000, 0x00000000d6100000, 0x0000000100000000)
  eden space 7680K, 100% used [0x00000000d5580000,0x00000000d5d00000,0x00000000d5d00000)
  from space 2048K, 79% used [0x00000000d5f00000,0x00000000d6097b68,0x00000000d6100000)
  to   space 2048K, 0% used [0x00000000d5d00000,0x00000000d5d00000,0x00000000d5f00000)
 ParOldGen       total 226304K, used 225939K [0x0000000080000000, 0x000000008dd00000, 0x00000000d5580000)
  object space 226304K, 99% used [0x0000000080000000,0x000000008dca4d00,0x000000008dd00000)
 Metaspace       used 72564K, committed 74176K, reserved 1179648K
  class space    used 7673K, committed 8384K, reserved 1048576K
}
Event: 33.108 GC heap after
{Heap after GC invocations=166 (full 3):
 PSYoungGen      total 9728K, used 2027K [0x00000000d5580000, 0x00000000d6500000, 0x0000000100000000)
  eden space 7680K, 0% used [0x00000000d5580000,0x00000000d5580000,0x00000000d5d00000)
  from space 2048K, 98% used [0x00000000d5d00000,0x00000000d5efac98,0x00000000d5f00000)
  to   space 4096K, 0% used [0x00000000d6100000,0x00000000d6100000,0x00000000d6500000)
 ParOldGen       total 227328K, used 227294K [0x0000000080000000, 0x000000008de00000, 0x00000000d5580000)
  object space 227328K, 99% used [0x0000000080000000,0x000000008ddf78f0,0x000000008de00000)
 Metaspace       used 72564K, committed 74176K, reserved 1179648K
  class space    used 7673K, committed 8384K, reserved 1048576K
}
Event: 33.123 GC heap before
{Heap before GC invocations=167 (full 3):
 PSYoungGen      total 9728K, used 9707K [0x00000000d5580000, 0x00000000d6500000, 0x0000000100000000)
  eden space 7680K, 100% used [0x00000000d5580000,0x00000000d5d00000,0x00000000d5d00000)
  from space 2048K, 98% used [0x00000000d5d00000,0x00000000d5efac98,0x00000000d5f00000)
  to   space 4096K, 0% used [0x00000000d6100000,0x00000000d6100000,0x00000000d6500000)
 ParOldGen       total 227328K, used 227294K [0x0000000080000000, 0x000000008de00000, 0x00000000d5580000)
  object space 227328K, 99% used [0x0000000080000000,0x000000008ddf78f0,0x000000008de00000)
 Metaspace       used 72564K, committed 74176K, reserved 1179648K
  class space    used 7673K, committed 8384K, reserved 1048576K
}

Dll operation events (14 events):
Event: 0.008 Loaded shared library c:\Users\victo\.vscode\extensions\redhat.java-1.53.0-win32-x64\jre\21.0.10-win32-x86_64\bin\java.dll
Event: 0.055 Loaded shared library c:\Users\victo\.vscode\extensions\redhat.java-1.53.0-win32-x64\jre\21.0.10-win32-x86_64\bin\zip.dll
Event: 0.071 Loaded shared library C:\Users\victo\.vscode\extensions\redhat.java-1.53.0-win32-x64\jre\21.0.10-win32-x86_64\bin\instrument.dll
Event: 0.075 Loaded shared library C:\Users\victo\.vscode\extensions\redhat.java-1.53.0-win32-x64\jre\21.0.10-win32-x86_64\bin\net.dll
Event: 0.077 Loaded shared library C:\Users\victo\.vscode\extensions\redhat.java-1.53.0-win32-x64\jre\21.0.10-win32-x86_64\bin\nio.dll
Event: 0.080 Loaded shared library C:\Users\victo\.vscode\extensions\redhat.java-1.53.0-win32-x64\jre\21.0.10-win32-x86_64\bin\zip.dll
Event: 0.095 Loaded shared library C:\Users\victo\.vscode\extensions\redhat.java-1.53.0-win32-x64\jre\21.0.10-win32-x86_64\bin\jimage.dll
Event: 0.165 Loaded shared library c:\Users\victo\.vscode\extensions\redhat.java-1.53.0-win32-x64\jre\21.0.10-win32-x86_64\bin\verify.dll
Event: 5.550 Loaded shared library C:\Users\victo\AppData\Roaming\Code\User\globalStorage\redhat.java\1.53.0\config_win\org.eclipse.equinox.launcher\org.eclipse.equinox.launcher.win32.win32.x86_64_1.3.0.v20260203-2149\eclipse_11919.dll
Event: 12.185 Loaded shared library C:\Users\victo\.vscode\extensions\redhat.java-1.53.0-win32-x64\jre\21.0.10-win32-x86_64\bin\management.dll
Event: 12.187 Loaded shared library C:\Users\victo\.vscode\extensions\redhat.java-1.53.0-win32-x64\jre\21.0.10-win32-x86_64\bin\management_ext.dll
Event: 13.209 Loaded shared library C:\Users\victo\AppData\Local\Temp\jna-112202379\jna5851409647973658959.dll
Event: 13.579 Loaded shared library C:\Users\victo\.vscode\extensions\redhat.java-1.53.0-win32-x64\jre\21.0.10-win32-x86_64\bin\sunmscapi.dll
Event: 13.947 Loaded shared library C:\Users\victo\.vscode\extensions\redhat.java-1.53.0-win32-x64\jre\21.0.10-win32-x86_64\bin\extnet.dll

Deoptimization events (20 events):
Event: 31.600 Thread 0x000001b34a789a20 DEOPT PACKING pc=0x000001b36ceb1103 sp=0x000000a73c2fe7c0
Event: 31.600 Thread 0x000001b34a789a20 DEOPT UNPACKING pc=0x000001b372944242 sp=0x000000a73c2fdd28 mode 0
Event: 31.603 Thread 0x000001b34a789a20 DEOPT PACKING pc=0x000001b36ceb1103 sp=0x000000a73c2fe7c0
Event: 31.603 Thread 0x000001b34a789a20 DEOPT UNPACKING pc=0x000001b372944242 sp=0x000000a73c2fdd28 mode 0
Event: 31.617 Thread 0x000001b34a789a20 Uncommon trap: trap_request=0xffffff45 fr.pc=0x000001b37386ba90 relative=0x00000000000014b0
Event: 31.617 Thread 0x000001b34a789a20 Uncommon trap: reason=unstable_if action=reinterpret pc=0x000001b37386ba90 method=java.util.Arrays.hashCode([C)I @ 8 c2
Event: 31.617 Thread 0x000001b34a789a20 DEOPT PACKING pc=0x000001b37386ba90 sp=0x000000a73c2fe7d0
Event: 31.617 Thread 0x000001b34a789a20 DEOPT UNPACKING pc=0x000001b372943aa2 sp=0x000000a73c2fe4d8 mode 2
Event: 31.656 Thread 0x000001b34a789a20 Uncommon trap: trap_request=0xffffffe4 fr.pc=0x000001b373a6400c relative=0x000000000000172c
Event: 31.656 Thread 0x000001b34a789a20 Uncommon trap: reason=range_check action=make_not_entrant pc=0x000001b373a6400c method=org.eclipse.jdt.internal.core.search.matching.ConstructorPattern.createDeclarationIndexKey([CI[C[[C[[CI[CII)[C @ 352 c2
Event: 31.656 Thread 0x000001b34a789a20 DEOPT PACKING pc=0x000001b373a6400c sp=0x000000a73c2fe800
Event: 31.657 Thread 0x000001b34a789a20 DEOPT UNPACKING pc=0x000001b372943aa2 sp=0x000000a73c2fe750 mode 2
Event: 31.790 Thread 0x000001b34994f530 Uncommon trap: trap_request=0xffffff45 fr.pc=0x000001b37376933c relative=0x00000000000011bc
Event: 31.790 Thread 0x000001b34994f530 Uncommon trap: reason=unstable_if action=reinterpret pc=0x000001b37376933c method=org.eclipse.jdt.internal.core.util.Util.splitOn(CLjava/lang/String;II)[Ljava/lang/String; @ 16 c2
Event: 31.790 Thread 0x000001b34994f530 DEOPT PACKING pc=0x000001b37376933c sp=0x000000a73e6fe660
Event: 31.790 Thread 0x000001b34994f530 DEOPT UNPACKING pc=0x000001b372943aa2 sp=0x000000a73e6fe650 mode 2
Event: 31.822 Thread 0x000001b34a789a20 Uncommon trap: trap_request=0xffffff45 fr.pc=0x000001b373a40bec relative=0x0000000000005f6c
Event: 31.822 Thread 0x000001b34a789a20 Uncommon trap: reason=unstable_if action=reinterpret pc=0x000001b373a40bec method=org.eclipse.jdt.internal.core.search.indexing.BinaryIndexer.indexDocument()V @ 55 c2
Event: 31.822 Thread 0x000001b34a789a20 DEOPT PACKING pc=0x000001b373a40bec sp=0x000000a73c2fe970
Event: 31.822 Thread 0x000001b34a789a20 DEOPT UNPACKING pc=0x000001b372943aa2 sp=0x000000a73c2fe8d0 mode 2

Classes loaded (20 events):
Event: 30.342 Loading class java/util/regex/PatternSyntaxException
Event: 30.342 Loading class java/util/regex/PatternSyntaxException done
Event: 30.742 Loading class java/io/CharArrayWriter
Event: 30.742 Loading class java/io/CharArrayWriter done
Event: 30.756 Loading class java/nio/file/attribute/PosixFileAttributes
Event: 30.756 Loading class java/nio/file/attribute/PosixFileAttributes done
Event: 30.936 Loading class jdk/internal/module/IllegalAccessLogger
Event: 30.936 Loading class jdk/internal/module/IllegalAccessLogger done
Event: 31.073 Loading class jdk/internal/module/IllegalAccessLogger
Event: 31.073 Loading class jdk/internal/module/IllegalAccessLogger done
Event: 31.830 Loading class java/util/stream/ReduceOps$5
Event: 31.831 Loading class java/util/stream/ReduceOps$5 done
Event: 31.831 Loading class java/util/stream/ReduceOps$CountingSink$OfRef
Event: 31.831 Loading class java/util/stream/ReduceOps$CountingSink
Event: 31.831 Loading class java/util/stream/ReduceOps$CountingSink done
Event: 31.831 Loading class java/util/stream/ReduceOps$CountingSink$OfRef done
Event: 32.010 Loading class java/util/stream/ReduceOps$1
Event: 32.010 Loading class java/util/stream/ReduceOps$1 done
Event: 32.010 Loading class java/util/stream/ReduceOps$1ReducingSink
Event: 32.010 Loading class java/util/stream/ReduceOps$1ReducingSink done

Classes unloaded (12 events):
Event: 12.653 Thread 0x000001b36823a210 Unloading class 0x000001b3011a9400 'java/lang/invoke/LambdaForm$MH+0x000001b3011a9400'
Event: 12.653 Thread 0x000001b36823a210 Unloading class 0x000001b3011a9000 'java/lang/invoke/LambdaForm$MH+0x000001b3011a9000'
Event: 12.653 Thread 0x000001b36823a210 Unloading class 0x000001b3011a8c00 'java/lang/invoke/LambdaForm$MH+0x000001b3011a8c00'
Event: 12.653 Thread 0x000001b36823a210 Unloading class 0x000001b3011a8800 'java/lang/invoke/LambdaForm$MH+0x000001b3011a8800'
Event: 12.653 Thread 0x000001b36823a210 Unloading class 0x000001b3011a8400 'java/lang/invoke/LambdaForm$BMH+0x000001b3011a8400'
Event: 12.653 Thread 0x000001b36823a210 Unloading class 0x000001b3011a8000 'java/lang/invoke/LambdaForm$DMH+0x000001b3011a8000'
Event: 12.653 Thread 0x000001b36823a210 Unloading class 0x000001b3011a6c00 'java/lang/invoke/LambdaForm$DMH+0x000001b3011a6c00'
Event: 24.156 Thread 0x000001b36823a210 Unloading class 0x000001b301650c00 'java/lang/invoke/LambdaForm$DMH+0x000001b301650c00'
Event: 24.156 Thread 0x000001b36823a210 Unloading class 0x000001b301650400 'java/lang/invoke/LambdaForm$DMH+0x000001b301650400'
Event: 24.156 Thread 0x000001b36823a210 Unloading class 0x000001b301650000 'java/lang/invoke/LambdaForm$DMH+0x000001b301650000'
Event: 24.156 Thread 0x000001b36823a210 Unloading class 0x000001b301650800 'java/lang/invoke/LambdaForm$DMH+0x000001b301650800'
Event: 24.156 Thread 0x000001b36823a210 Unloading class 0x000001b3015dc800 'java/lang/invoke/LambdaForm$DMH+0x000001b3015dc800'

Classes redefined (0 events):
No events

Internal exceptions (20 events):
Event: 30.956 Thread 0x000001b3483b4ad0 Implicit null exception at 0x000001b373509fba to 0x000001b37350a310
Event: 31.044 Thread 0x000001b3483b3db0 Exception <a 'sun/nio/fs/WindowsException'{0x00000000d5b15620}> (0x00000000d5b15620) 
thrown [s\src\hotspot\share\prims\jni.cpp, line 520]
Event: 31.045 Thread 0x000001b348879510 Exception <a 'sun/nio/fs/WindowsException'{0x00000000d5b500f8}> (0x00000000d5b500f8) 
thrown [s\src\hotspot\share\prims\jni.cpp, line 520]
Event: 31.045 Thread 0x000001b34887a230 Exception <a 'sun/nio/fs/WindowsException'{0x00000000d5b89dd0}> (0x00000000d5b89dd0) 
thrown [s\src\hotspot\share\prims\jni.cpp, line 520]
Event: 31.078 Thread 0x000001b3483b3db0 Exception <a 'sun/nio/fs/WindowsException'{0x00000000d5b1da68}> (0x00000000d5b1da68) 
thrown [s\src\hotspot\share\prims\jni.cpp, line 520]
Event: 31.078 Thread 0x000001b3483b3db0 Exception <a 'sun/nio/fs/WindowsException'{0x00000000d5b1e098}> (0x00000000d5b1e098) 
thrown [s\src\hotspot\share\prims\jni.cpp, line 520]
Event: 31.451 Thread 0x000001b34994f530 Exception <a 'sun/nio/fs/WindowsException'{0x00000000d586f510}> (0x00000000d586f510) 
thrown [s\src\hotspot\share\prims\jni.cpp, line 520]
Event: 31.451 Thread 0x000001b34994f530 Exception <a 'sun/nio/fs/WindowsException'{0x00000000d591baa0}> (0x00000000d591baa0) 
thrown [s\src\hotspot\share\prims\jni.cpp, line 520]
Event: 31.451 Thread 0x000001b34994f530 Exception <a 'sun/nio/fs/WindowsException'{0x00000000d591c7c8}> (0x00000000d591c7c8) 
thrown [s\src\hotspot\share\prims\jni.cpp, line 520]
Event: 31.451 Thread 0x000001b34994f530 Exception <a 'sun/nio/fs/WindowsException'{0x00000000d593a3a8}> (0x00000000d593a3a8) 
thrown [s\src\hotspot\share\prims\jni.cpp, line 520]
Event: 31.455 Thread 0x000001b34994f530 Exception <a 'java/io/FileNotFoundException'{0x00000000d5ab94d0}> (0x00000000d5ab94d0) 
thrown [s\src\hotspot\share\prims\jni.cpp, line 520]
Event: 31.455 Thread 0x000001b34994f530 Exception <a 'java/io/FileNotFoundException'{0x00000000d5aba500}> (0x00000000d5aba500) 
thrown [s\src\hotspot\share\prims\jni.cpp, line 520]
Event: 31.478 Thread 0x000001b34994f530 Exception <a 'sun/nio/fs/WindowsException'{0x00000000d5a3fc28}> (0x00000000d5a3fc28) 
thrown [s\src\hotspot\share\prims\jni.cpp, line 520]
Event: 31.478 Thread 0x000001b34994f530 Exception <a 'sun/nio/fs/WindowsException'{0x00000000d5a40258}> (0x00000000d5a40258) 
thrown [s\src\hotspot\share\prims\jni.cpp, line 520]
Event: 31.510 Thread 0x000001b34994f530 Exception <a 'sun/nio/fs/WindowsException'{0x00000000d58fd850}> (0x00000000d58fd850) 
thrown [s\src\hotspot\share\prims\jni.cpp, line 520]
Event: 31.510 Thread 0x000001b34994f530 Exception <a 'sun/nio/fs/WindowsException'{0x00000000d58fe0c0}> (0x00000000d58fe0c0) 
thrown [s\src\hotspot\share\prims\jni.cpp, line 520]
Event: 31.833 Thread 0x000001b34994f530 Exception <a 'sun/nio/fs/WindowsException'{0x00000000d5b32508}> (0x00000000d5b32508) 
thrown [s\src\hotspot\share\prims\jni.cpp, line 520]
Event: 31.833 Thread 0x000001b34994f530 Exception <a 'sun/nio/fs/WindowsException'{0x00000000d5b32b38}> (0x00000000d5b32b38) 
thrown [s\src\hotspot\share\prims\jni.cpp, line 520]
Event: 31.834 Thread 0x000001b34994f530 Exception <a 'sun/nio/fs/WindowsException'{0x00000000d5be1fe8}> (0x00000000d5be1fe8) 
thrown [s\src\hotspot\share\prims\jni.cpp, line 520]
Event: 31.834 Thread 0x000001b34994f530 Exception <a 'sun/nio/fs/WindowsException'{0x00000000d5be2618}> (0x00000000d5be2618) 
thrown [s\src\hotspot\share\prims\jni.cpp, line 520]

ZGC Phase Switch (0 events):
No events

VM Operations (20 events):
Event: 31.983 Executing safepoint VM operation: ParallelGCFailedAllocation (Allocation Failure) done
Event: 31.993 Executing safepoint VM operation: ParallelGCFailedAllocation (Allocation Failure)
Event: 31.995 Executing safepoint VM operation: ParallelGCFailedAllocation (Allocation Failure) done
Event: 32.005 Executing safepoint VM operation: ParallelGCFailedAllocation (Allocation Failure)
Event: 32.006 Executing safepoint VM operation: ParallelGCFailedAllocation (Allocation Failure) done
Event: 32.016 Executing safepoint VM operation: ParallelGCFailedAllocation (Allocation Failure)
Event: 32.018 Executing safepoint VM operation: ParallelGCFailedAllocation (Allocation Failure) done
Event: 32.033 Executing safepoint VM operation: ParallelGCFailedAllocation (Allocation Failure)
Event: 32.035 Executing safepoint VM operation: ParallelGCFailedAllocation (Allocation Failure) done
Event: 32.051 Executing safepoint VM operation: ParallelGCFailedAllocation (Allocation Failure)
Event: 32.053 Executing safepoint VM operation: ParallelGCFailedAllocation (Allocation Failure) done
Event: 32.065 Executing safepoint VM operation: ParallelGCFailedAllocation (Allocation Failure)
Event: 33.066 Executing safepoint VM operation: ParallelGCFailedAllocation (Allocation Failure) done
Event: 33.079 Executing safepoint VM operation: ParallelGCFailedAllocation (Allocation Failure)
Event: 33.081 Executing safepoint VM operation: ParallelGCFailedAllocation (Allocation Failure) done
Event: 33.091 Executing safepoint VM operation: ParallelGCFailedAllocation (Allocation Failure)
Event: 33.092 Executing safepoint VM operation: ParallelGCFailedAllocation (Allocation Failure) done
Event: 33.107 Executing safepoint VM operation: ParallelGCFailedAllocation (Allocation Failure)
Event: 33.108 Executing safepoint VM operation: ParallelGCFailedAllocation (Allocation Failure) done
Event: 33.123 Executing safepoint VM operation: ParallelGCFailedAllocation (Allocation Failure)

Memory protections (0 events):
No events

Nmethod flushes (20 events):
Event: 24.173 Thread 0x000001b36823a210 flushing  nmethod 0x000001b36bd9e910
Event: 24.173 Thread 0x000001b36823a210 flushing  nmethod 0x000001b36bd9ef10
Event: 24.173 Thread 0x000001b36823a210 flushing  nmethod 0x000001b36bd9fe10
Event: 24.173 Thread 0x000001b36823a210 flushing  nmethod 0x000001b36bda0690
Event: 24.173 Thread 0x000001b36823a210 flushing  nmethod 0x000001b36bda0a10
Event: 24.173 Thread 0x000001b36823a210 flushing  nmethod 0x000001b36bda2d90
Event: 24.173 Thread 0x000001b36823a210 flushing  nmethod 0x000001b36bdce190
Event: 24.173 Thread 0x000001b36823a210 flushing  nmethod 0x000001b36bdd6a90
Event: 24.173 Thread 0x000001b36823a210 flushing  nmethod 0x000001b36bde9c10
Event: 24.173 Thread 0x000001b36823a210 flushing  nmethod 0x000001b36bdf8a10
Event: 24.173 Thread 0x000001b36823a210 flushing  nmethod 0x000001b36be05d10
Event: 24.173 Thread 0x000001b36823a210 flushing  nmethod 0x000001b36be5c110
Event: 24.173 Thread 0x000001b36823a210 flushing  nmethod 0x000001b36be65890
Event: 24.173 Thread 0x000001b36823a210 flushing  nmethod 0x000001b36be6fd90
Event: 24.173 Thread 0x000001b36823a210 flushing  nmethod 0x000001b36be73110
Event: 24.173 Thread 0x000001b36823a210 flushing  nmethod 0x000001b36be7a290
Event: 24.173 Thread 0x000001b36823a210 flushing  nmethod 0x000001b36be7a690
Event: 24.173 Thread 0x000001b36823a210 flushing  nmethod 0x000001b36be88d10
Event: 24.173 Thread 0x000001b36823a210 flushing  nmethod 0x000001b36be9ad10
Event: 24.173 Thread 0x000001b36823a210 flushing  nmethod 0x000001b36bea3b10

Events (20 events):
Event: 31.025 Thread 0x000001b3483b3db0 Thread added: 0x000001b358ab7390
Event: 31.025 Thread 0x000001b3483b3db0 Thread added: 0x000001b358aba810
Event: 31.030 Thread 0x000001b3483b3db0 Thread added: 0x000001b358abc8e0
Event: 31.040 Thread 0x000001b3483b3db0 Thread added: 0x000001b358abcf70
Event: 31.074 Thread 0x000001b3483b3db0 Thread added: 0x000001b358aba180
Event: 31.100 Thread 0x000001b3483b3db0 Thread added: 0x000001b358abaea0
Event: 31.101 Thread 0x000001b3483b3db0 Thread added: 0x000001b358abb530
Event: 31.101 Thread 0x000001b3483b3db0 Thread added: 0x000001b358abbbc0
Event: 31.101 Thread 0x000001b3483b3db0 Thread added: 0x000001b358abc250
Event: 31.102 Thread 0x000001b3483b3db0 Thread added: 0x000001b359b3f170
Event: 31.117 Thread 0x000001b358abaea0 Thread exited: 0x000001b358abaea0
Event: 31.117 Thread 0x000001b358abbbc0 Thread exited: 0x000001b358abbbc0
Event: 31.118 Thread 0x000001b358abb530 Thread exited: 0x000001b358abb530
Event: 31.118 Thread 0x000001b359b3f170 Thread exited: 0x000001b359b3f170
Event: 31.118 Thread 0x000001b358abc250 Thread exited: 0x000001b358abc250
Event: 33.084 Thread 0x000001b34a561ad0 Thread exited: 0x000001b34a561ad0
Event: 33.084 Thread 0x000001b34d18aad0 Thread exited: 0x000001b34d18aad0
Event: 33.084 Thread 0x000001b348132980 Thread exited: 0x000001b348132980
Event: 33.084 Thread 0x000001b34ba33ad0 Thread exited: 0x000001b34ba33ad0
Event: 33.084 Thread 0x000001b34be36b10 Thread exited: 0x000001b34be36b10


Dynamic libraries:
0x00007ff7f6680000 - 0x00007ff7f668e000 	c:\Users\victo\.vscode\extensions\redhat.java-1.53.0-win32-x64\jre\21.0.10-win32-x86_64\bin\java.exe
0x00007ff8095c0000 - 0x00007ff809827000 	C:\WINDOWS\SYSTEM32\ntdll.dll
0x00007ff807fe0000 - 0x00007ff8080a9000 	C:\WINDOWS\System32\KERNEL32.DLL
0x00007ff806010000 - 0x00007ff806401000 	C:\WINDOWS\System32\KERNELBASE.dll
0x00007ff806410000 - 0x00007ff80655b000 	C:\WINDOWS\System32\ucrtbase.dll
0x00007fffe48a0000 - 0x00007fffe48be000 	c:\Users\victo\.vscode\extensions\redhat.java-1.53.0-win32-x64\jre\21.0.10-win32-x86_64\bin\VCRUNTIME140.dll
0x00007fffed020000 - 0x00007fffed038000 	c:\Users\victo\.vscode\extensions\redhat.java-1.53.0-win32-x64\jre\21.0.10-win32-x86_64\bin\jli.dll
0x00007ff8082e0000 - 0x00007ff8084a5000 	C:\WINDOWS\System32\USER32.dll
0x00007ff807100000 - 0x00007ff807127000 	C:\WINDOWS\System32\win32u.dll
0x00007fffea050000 - 0x00007fffea2e3000 	C:\WINDOWS\WinSxS\amd64_microsoft.windows.common-controls_6595b64144ccf1df_6.0.26100.8037_none_3e092faae333b53b\COMCTL32.dll
0x00007ff807360000 - 0x00007ff80738b000 	C:\WINDOWS\System32\GDI32.dll
0x00007ff806560000 - 0x00007ff80668b000 	C:\WINDOWS\System32\gdi32full.dll
0x00007ff808950000 - 0x00007ff8089f9000 	C:\WINDOWS\System32\msvcrt.dll
0x00007ff8072b0000 - 0x00007ff807353000 	C:\WINDOWS\System32\msvcp_win.dll
0x00007ff807530000 - 0x00007ff807561000 	C:\WINDOWS\System32\IMM32.DLL
0x00007ff801540000 - 0x00007ff80154c000 	c:\Users\victo\.vscode\extensions\redhat.java-1.53.0-win32-x64\jre\21.0.10-win32-x86_64\bin\vcruntime140_1.dll
0x00007fffc40c0000 - 0x00007fffc414d000 	c:\Users\victo\.vscode\extensions\redhat.java-1.53.0-win32-x64\jre\21.0.10-win32-x86_64\bin\msvcp140.dll
0x00007fff260d0000 - 0x00007fff26e71000 	c:\Users\victo\.vscode\extensions\redhat.java-1.53.0-win32-x64\jre\21.0.10-win32-x86_64\bin\server\jvm.dll
0x00007ff807470000 - 0x00007ff80752b000 	C:\WINDOWS\System32\ADVAPI32.dll
0x00007ff808dc0000 - 0x00007ff808e67000 	C:\WINDOWS\System32\sechost.dll
0x00007ff808f20000 - 0x00007ff809038000 	C:\WINDOWS\System32\RPCRT4.dll
0x00007ff808e70000 - 0x00007ff808ee4000 	C:\WINDOWS\System32\WS2_32.dll
0x00007ff805d00000 - 0x00007ff805d5e000 	C:\WINDOWS\SYSTEM32\POWRPROF.dll
0x00007ff800620000 - 0x00007ff80062b000 	C:\WINDOWS\SYSTEM32\VERSION.dll
0x00007ffff8520000 - 0x00007ffff8555000 	C:\WINDOWS\SYSTEM32\WINMM.dll
0x00007ff805ce0000 - 0x00007ff805cf4000 	C:\WINDOWS\SYSTEM32\UMPDC.dll
0x00007ff804bc0000 - 0x00007ff804bdb000 	C:\WINDOWS\SYSTEM32\kernel.appcore.dll
0x00007fffee130000 - 0x00007fffee13a000 	c:\Users\victo\.vscode\extensions\redhat.java-1.53.0-win32-x64\jre\21.0.10-win32-x86_64\bin\jimage.dll
0x00007fffee3d0000 - 0x00007fffee612000 	C:\WINDOWS\SYSTEM32\DBGHELP.DLL
0x00007ff8091f0000 - 0x00007ff809572000 	C:\WINDOWS\System32\combase.dll
0x00007ff808c60000 - 0x00007ff808d37000 	C:\WINDOWS\System32\OLEAUT32.dll
0x00007fffe67b0000 - 0x00007fffe67eb000 	C:\WINDOWS\SYSTEM32\dbgcore.DLL
0x00007ff805ea0000 - 0x00007ff805f45000 	C:\WINDOWS\System32\bcryptPrimitives.dll
0x00007fffe4810000 - 0x00007fffe481f000 	c:\Users\victo\.vscode\extensions\redhat.java-1.53.0-win32-x64\jre\21.0.10-win32-x86_64\bin\instrument.dll
0x00007fffdc5c0000 - 0x00007fffdc5e0000 	c:\Users\victo\.vscode\extensions\redhat.java-1.53.0-win32-x64\jre\21.0.10-win32-x86_64\bin\java.dll
0x00007ff807570000 - 0x00007ff807ccf000 	C:\WINDOWS\System32\SHELL32.dll
0x00007ff806690000 - 0x00007ff8067fa000 	C:\WINDOWS\System32\wintypes.dll
0x00007ff806890000 - 0x00007ff8070f4000 	C:\WINDOWS\System32\windows.storage.dll
0x00007ff808b60000 - 0x00007ff808c57000 	C:\WINDOWS\System32\SHCORE.dll
0x00007ff808af0000 - 0x00007ff808b57000 	C:\WINDOWS\System32\shlwapi.dll
0x00007ff805dc0000 - 0x00007ff805de9000 	C:\WINDOWS\SYSTEM32\profapi.dll
0x00007fffd6400000 - 0x00007fffd6418000 	c:\Users\victo\.vscode\extensions\redhat.java-1.53.0-win32-x64\jre\21.0.10-win32-x86_64\bin\zip.dll
0x00007fffe4800000 - 0x00007fffe4810000 	C:\Users\victo\.vscode\extensions\redhat.java-1.53.0-win32-x64\jre\21.0.10-win32-x86_64\bin\net.dll
0x00007fffff1c0000 - 0x00007fffff2e7000 	C:\WINDOWS\SYSTEM32\WINHTTP.dll
0x00007ff805110000 - 0x00007ff80517b000 	C:\WINDOWS\system32\mswsock.dll
0x00007fffd41d0000 - 0x00007fffd41e6000 	C:\Users\victo\.vscode\extensions\redhat.java-1.53.0-win32-x64\jre\21.0.10-win32-x86_64\bin\nio.dll
0x00007fffe47c0000 - 0x00007fffe47d0000 	c:\Users\victo\.vscode\extensions\redhat.java-1.53.0-win32-x64\jre\21.0.10-win32-x86_64\bin\verify.dll
0x00007fffd6d50000 - 0x00007fffd6d95000 	C:\Users\victo\AppData\Roaming\Code\User\globalStorage\redhat.java\1.53.0\config_win\org.eclipse.equinox.launcher\org.eclipse.equinox.launcher.win32.win32.x86_64_1.3.0.v20260203-2149\eclipse_11919.dll
0x00007ff809050000 - 0x00007ff8091e5000 	C:\WINDOWS\System32\ole32.dll
0x00007fffdbff0000 - 0x00007fffdbffa000 	C:\Users\victo\.vscode\extensions\redhat.java-1.53.0-win32-x64\jre\21.0.10-win32-x86_64\bin\management.dll
0x00007fffdbfa0000 - 0x00007fffdbfac000 	C:\Users\victo\.vscode\extensions\redhat.java-1.53.0-win32-x64\jre\21.0.10-win32-x86_64\bin\management_ext.dll
0x00007ff808a00000 - 0x00007ff808a08000 	C:\WINDOWS\System32\PSAPI.DLL
0x00007ff805510000 - 0x00007ff80552b000 	C:\WINDOWS\SYSTEM32\CRYPTSP.dll
0x00007ff804b20000 - 0x00007ff804b59000 	C:\WINDOWS\system32\rsaenh.dll
0x00007ff8051c0000 - 0x00007ff8051f2000 	C:\WINDOWS\SYSTEM32\USERENV.dll
0x00007ff805d90000 - 0x00007ff805dba000 	C:\WINDOWS\SYSTEM32\bcrypt.dll
0x00007ff805370000 - 0x00007ff80537c000 	C:\WINDOWS\SYSTEM32\CRYPTBASE.dll
0x00007ff8044d0000 - 0x00007ff804503000 	C:\WINDOWS\SYSTEM32\IPHLPAPI.DLL
0x00007ff809040000 - 0x00007ff80904a000 	C:\WINDOWS\System32\NSI.dll
0x00007fffd0c90000 - 0x00007fffd0cd9000 	C:\Users\victo\AppData\Local\Temp\jna-112202379\jna5851409647973658959.dll
0x00007fffff8f0000 - 0x00007fffff90d000 	C:\WINDOWS\SYSTEM32\dhcpcsvc6.DLL
0x00007ffffeb70000 - 0x00007ffffeb93000 	C:\WINDOWS\SYSTEM32\dhcpcsvc.DLL
0x00007fffd6d40000 - 0x00007fffd6d4e000 	C:\Users\victo\.vscode\extensions\redhat.java-1.53.0-win32-x64\jre\21.0.10-win32-x86_64\bin\sunmscapi.dll
0x00007ff807130000 - 0x00007ff8072a7000 	C:\WINDOWS\System32\CRYPT32.dll
0x00007ff8056a0000 - 0x00007ff8056d0000 	C:\WINDOWS\SYSTEM32\ncrypt.dll
0x00007ff805650000 - 0x00007ff80568f000 	C:\WINDOWS\SYSTEM32\NTASN1.dll
0x00007ff804640000 - 0x00007ff80476a000 	C:\WINDOWS\SYSTEM32\DNSAPI.dll
0x00007ff800000000 - 0x00007ff80000b000 	C:\Windows\System32\rasadhlp.dll
0x00007ffff94f0000 - 0x00007ffff9576000 	C:\WINDOWS\System32\fwpuclnt.dll
0x00007fffd5cc0000 - 0x00007fffd5cc9000 	C:\Users\victo\.vscode\extensions\redhat.java-1.53.0-win32-x64\jre\21.0.10-win32-x86_64\bin\extnet.dll

JVMTI agents:
c:\Users\victo\.vscode\extensions\redhat.java-1.53.0-win32-x64\lombok\lombok-1.18.39-4050.jar path:c:\Users\victo\.vscode\extensions\redhat.java-1.53.0-win32-x64\jre\21.0.10-win32-x86_64\bin\instrument.dll, loaded, initialized, instrumentlib options:none

dbghelp: loaded successfully - version: 4.0.5 - missing functions: none
symbol engine: initialized successfully - sym options: 0x614 - pdb path: .;c:\Users\victo\.vscode\extensions\redhat.java-1.53.0-win32-x64\jre\21.0.10-win32-x86_64\bin;C:\WINDOWS\SYSTEM32;C:\WINDOWS\WinSxS\amd64_microsoft.windows.common-controls_6595b64144ccf1df_6.0.26100.8037_none_3e092faae333b53b;c:\Users\victo\.vscode\extensions\redhat.java-1.53.0-win32-x64\jre\21.0.10-win32-x86_64\bin\server;C:\Users\victo\AppData\Roaming\Code\User\globalStorage\redhat.java\1.53.0\config_win\org.eclipse.equinox.launcher\org.eclipse.equinox.launcher.win32.win32.x86_64_1.3.0.v20260203-2149;C:\Users\victo\AppData\Local\Temp\jna-112202379

VM Arguments:
jvm_args: --add-modules=ALL-SYSTEM --add-opens=java.base/java.util=ALL-UNNAMED --add-opens=java.base/java.lang=ALL-UNNAMED --add-opens=java.base/sun.nio.fs=ALL-UNNAMED -Declipse.application=org.eclipse.jdt.ls.core.id1 -Dosgi.bundles.defaultStartLevel=4 -Declipse.product=org.eclipse.jdt.ls.core.product -Djava.import.generatesMetadataFilesAtProjectRoot=false -DDetectVMInstallationsJob.disabled=true -Dfile.encoding=utf8 -XX:+UseParallelGC -XX:GCTimeRatio=4 -XX:AdaptiveSizePolicyWeight=90 -Dsun.zip.disableMemoryMapping=true -Xmx2G -Xms100m -Xlog:disable -javaagent:c:\Users\victo\.vscode\extensions\redhat.java-1.53.0-win32-x64\lombok\lombok-1.18.39-4050.jar -XX:+HeapDumpOnOutOfMemoryError -XX:HeapDumpPath=c:\Users\victo\AppData\Roaming\Code\User\workspaceStorage\66c0a89fe70541defca93da0162aec7a\redhat.java -Daether.dependencyCollector.impl=bf 
java_command: c:\Users\victo\.vscode\extensions\redhat.java-1.53.0-win32-x64\server\plugins\org.eclipse.equinox.launcher_1.7.100.v20251111-0406.jar -configuration c:\Users\victo\AppData\Roaming\Code\User\globalStorage\redhat.java\1.53.0\config_win -data c:\Users\victo\AppData\Roaming\Code\User\workspaceStorage\66c0a89fe70541defca93da0162aec7a\redhat.java\jdt_ws --pipe=\\.\pipe\lsp-45201fa078a98915a20ed4fce8692b84-sock
java_class_path (initial): c:\Users\victo\.vscode\extensions\redhat.java-1.53.0-win32-x64\server\plugins\org.eclipse.equinox.launcher_1.7.100.v20251111-0406.jar
Launcher Type: SUN_STANDARD

[Global flags]
    uintx AdaptiveSizePolicyWeight                 = 90                                        {product} {command line}
     intx CICompilerCount                          = 12                                        {product} {ergonomic}
    uintx GCTimeRatio                              = 4                                         {product} {command line}
     bool HeapDumpOnOutOfMemoryError               = true                                   {manageable} {command line}
    ccstr HeapDumpPath                             = c:\Users\victo\AppData\Roaming\Code\User\workspaceStorage\66c0a89fe70541defca93da0162aec7a\redhat.java         {manageable} {command line}
   size_t InitialHeapSize                          = 104857600                                 {product} {command line}
   size_t MaxHeapSize                              = 2147483648                                {product} {command line}
   size_t MaxNewSize                               = 715653120                                 {product} {ergonomic}
   size_t MinHeapDeltaBytes                        = 524288                                    {product} {ergonomic}
   size_t MinHeapSize                              = 104857600                                 {product} {command line}
   size_t NewSize                                  = 34603008                                  {product} {ergonomic}
    uintx NonNMethodCodeHeapSize                   = 7602480                                {pd product} {ergonomic}
    uintx NonProfiledCodeHeapSize                  = 122027880                              {pd product} {ergonomic}
   size_t OldSize                                  = 70254592                                  {product} {ergonomic}
    uintx ProfiledCodeHeapSize                     = 122027880                              {pd product} {ergonomic}
    uintx ReservedCodeCacheSize                    = 251658240                              {pd product} {ergonomic}
     bool SegmentedCodeCache                       = true                                      {product} {ergonomic}
   size_t SoftMaxHeapSize                          = 2147483648                             {manageable} {ergonomic}
     bool UseCompressedOops                        = true                           {product lp64_product} {ergonomic}
     bool UseLargePagesIndividualAllocation        = false                                  {pd product} {ergonomic}
     bool UseParallelGC                            = true                                      {product} {command line}

Logging:
Log output configuration:
 #0: stdout all=off uptime,level,tags foldmultilines=false
 #1: stderr all=off uptime,level,tags foldmultilines=false

Release file:
JAVA_VERSION="21.0.10" 
MODULES="java.base java.compiler java.datatransfer java.xml java.prefs java.desktop java.instrument java.logging java.management java.security.sasl java.naming java.rmi java.management.rmi java.net.http java.scripting java.security.jgss java.transaction.xa java.sql java.sql.rowset java.xml.crypto java.se java.smartcardio jdk.accessibility jdk.internal.jvmstat jdk.attach jdk.charsets jdk.internal.opt jdk.zipfs jdk.compiler jdk.crypto.ec jdk.crypto.cryptoki jdk.crypto.mscapi jdk.dynalink jdk.internal.ed jdk.editpad jdk.hotspot.agent jdk.httpserver jdk.internal.le jdk.internal.vm.ci jdk.internal.vm.compiler jdk.internal.vm.compiler.management jdk.jartool jdk.javadoc jdk.jcmd jdk.management jdk.management.agent jdk.jconsole jdk.jdeps jdk.jdwp.agent jdk.jdi jdk.jfr jdk.jshell jdk.jsobject jdk.jstatd jdk.localedata jdk.management.jfr jdk.naming.dns jdk.naming.rmi jdk.net jdk.nio.mapmode jdk.random jdk.sctp jdk.security.auth jdk.security.jgss jdk.unsupported jdk.unsupported.desktop jdk.xml.dom" 

Environment Variables:
PATH=C:\Program Files\Common Files\Oracle\Java\javapath;C:\Program Files (x86)\Common Files\Oracle\Java\javapath;C:\app\victo\product\21c\dbhomeXE\bin;C:\ORACLE\WINDOWS.X64_193000_db_home\bin;C:\Users\victo\Downloads\WINDOWS.X64_193000_db_home\bin;C:\Program Files (x86)\Razer Chroma SDK\bin;C:\Program Files\Razer Chroma SDK\bin;C:\Program Files (x86)\Razer\ChromaBroadcast\bin;C:\Program Files\Razer\ChromaBroadcast\bin;C:\Windows\system32;C:\Windows;C:\Windows\System32\Wbem;C:\Windows\System32\WindowsPowerShell\v1.0\;C:\Windows\System32\OpenSSH\;C:\WINDOWS\system32;C:\WINDOWS;C:\WINDOWS\System32\Wbem;C:\WINDOWS\System32\WindowsPowerShell\v1.0\;C:\WINDOWS\System32\OpenSSH\;C:\Program Files (x86)\NVIDIA Corporation\PhysX\Common;C:\WINDOWS\system32\config\systemprofile\AppData\Local\Microsoft\WindowsApps;C:\Program Files\Microsoft SQL Server\150\Tools\Binn\;C:\Program Files\Microsoft SQL Server\Client SDK\ODBC\170\Tools\Binn\;C:\WINDOWS\system32;C:\WINDOWS;C:\WINDOWS\System32\Wbem;C:\WINDOWS\System32\WindowsPowerShell\v1.0\;C:\WINDOWS\System32\OpenSSH\;C:\Program Files\dotnet\;C:\Program Files\Java\jdk-21\bin;C:\apache-maven-3.9.5\bin;C:\Program Files\Git\cmd;C:\Program Files\Docker\Docker\resources\bin;C:\Users\victo\Downloads\sonar-scanner-cli-6.0.0.4432-windows\sonar-scanner-6.0.0.4432-windows\bin;C:\Program Files\NVIDIA Corporation\NVIDIA app\NvDLISR;C:\Program Files\nodejs\;C:\Users\victo\AppData\Local\Programs\Python\Python39\Scripts\;C:\Users\victo\AppData\Local\Programs\Python\Python39\;C:\Users\victo\AppData\Local\Microsoft\WindowsApps;C:\Users\victo\AppData\Local\GitHubDesktop\bin;C:\Users\victo\AppData\Local\Programs\Microsoft VS Code\bin;C:\Users\victo\.dotnet\tools;C:\Users\victo\AppData\Roaming\npm
USERNAME=victo
OS=Windows_NT
PROCESSOR_IDENTIFIER=AMD64 Family 23 Model 113 Stepping 0, AuthenticAMD
TMP=C:\Users\victo\AppData\Local\Temp
TEMP=C:\Users\victo\AppData\Local\Temp




Periodic native trim disabled

---------------  S Y S T E M  ---------------

OS:
 Windows 11 , 64 bit Build 26100 (10.0.26100.7920)
OS uptime: 5 days 0:16 hours
Hyper-V role detected

CPU: total 24 (initial active 24) (24 cores per cpu, 2 threads per core) family 23 model 113 stepping 0 microcode 0x8701021, cx8, cmov, fxsr, ht, mmx, 3dnowpref, sse, sse2, sse3, ssse3, sse4a, sse4.1, sse4.2, popcnt, lzcnt, tsc, tscinvbit, avx, avx2, aes, clmul, bmi1, bmi2, adx, sha, fma, vzeroupper, clflush, clflushopt, hv, rdtscp, rdpid, f16c
Processor Information for the first 24 processors :
  Max Mhz: 3801, Current Mhz: 3772, Mhz Limit: 3801

Memory: 4k page, system-wide physical 32691M (6408M free)
TotalPageFile size 34739M (AvailPageFile size 0M)
current process WorkingSet (physical memory assigned to process): 602M, peak: 602M
current process commit charge ("private bytes"): 1794M, peak: 1794M

vm_info: OpenJDK 64-Bit Server VM (21.0.10+7-LTS) for windows-amd64 JRE (21.0.10+7-LTS), built on 2026-01-20T00:00:00Z by "admin" with MS VC++ 17.12 (VS2022)

END.
