#
# There is insufficient memory for the Java Runtime Environment to continue.
# Native memory allocation (malloc) failed to allocate 1192656 bytes. Error detail: Chunk::new
# Possible reasons:
#   The system is out of physical RAM or swap space
#   This process is running with CompressedOops enabled, and the Java Heap may be blocking the growth of the native heap
# Possible solutions:
#   Reduce memory load on the system
#   Increase physical memory or swap space
#   Check if swap backing store is full
#   Decrease Java heap size (-Xmx/-Xms)
#   Decrease number of Java threads
#   Decrease Java thread stack sizes (-Xss)
#   Set larger code cache with -XX:ReservedCodeCacheSize=
#   JVM is running with Unscaled Compressed Oops mode in which the Java heap is
#     placed in the first 4GB address space. The Java Heap base address is the
#     maximum limit for the native heap growth. Please use -XX:HeapBaseMinAddress
#     to set the Java Heap base and to place the Java Heap above 4GB virtual address.
# This output file may be truncated or incomplete.
#
#  Out of Memory Error (arena.cpp:168), pid=52712, tid=40128
#
# JRE version: OpenJDK Runtime Environment Temurin-21.0.10+7 (21.0.10+7) (build 21.0.10+7-LTS)
# Java VM: OpenJDK 64-Bit Server VM Temurin-21.0.10+7 (21.0.10+7-LTS, mixed mode, sharing, tiered, compressed oops, compressed class ptrs, parallel gc, windows-amd64)
# No core dump will be written. Minidumps are not enabled by default on client versions of Windows
#

---------------  S U M M A R Y ------------

Command Line: --add-modules=ALL-SYSTEM --add-opens=java.base/java.util=ALL-UNNAMED --add-opens=java.base/java.lang=ALL-UNNAMED --add-opens=java.base/sun.nio.fs=ALL-UNNAMED -Declipse.application=org.eclipse.jdt.ls.core.id1 -Dosgi.bundles.defaultStartLevel=4 -Declipse.product=org.eclipse.jdt.ls.core.product -Djava.import.generatesMetadataFilesAtProjectRoot=false -DDetectVMInstallationsJob.disabled=true -Dfile.encoding=utf8 -XX:+UseParallelGC -XX:GCTimeRatio=4 -XX:AdaptiveSizePolicyWeight=90 -Dsun.zip.disableMemoryMapping=true -Xmx2G -Xms100m -Xlog:disable -javaagent:c:\Users\victo\.vscode\extensions\redhat.java-1.53.0-win32-x64\lombok\lombok-1.18.39-4050.jar -XX:+HeapDumpOnOutOfMemoryError -XX:HeapDumpPath=c:\Users\victo\AppData\Roaming\Code\User\workspaceStorage\66c0a89fe70541defca93da0162aec7a\redhat.java -Daether.dependencyCollector.impl=bf c:\Users\victo\.vscode\extensions\redhat.java-1.53.0-win32-x64\server\plugins\org.eclipse.equinox.launcher_1.7.100.v20251111-0406.jar -configuration c:\Users\victo\AppData\Roaming\Code\User\globalStorage\redhat.java\1.53.0\config_win -data c:\Users\victo\AppData\Roaming\Code\User\workspaceStorage\66c0a89fe70541defca93da0162aec7a\redhat.java\jdt_ws --pipe=\\.\pipe\lsp-5d583774eb912da2a7c178b8d19195fa-sock

Host: AMD Ryzen 9 3900X 12-Core Processor            , 24 cores, 31G,  Windows 11 , 64 bit Build 26100 (10.0.26100.7920)
Time: Fri Apr 10 13:17:18 2026 Hora est. Sudam廨ica Pac璗ico elapsed time: 27.395503 seconds (0d 0h 0m 27s)

---------------  T H R E A D  ---------------

Current thread (0x000001957d5b0250):  JavaThread "C2 CompilerThread5" daemon [_thread_in_native, id=40128, stack(0x0000002821a00000,0x0000002821b00000) (1024K)]


Current CompileTask:
C2:27395 7019   !   4       org.eclipse.osgi.internal.loader.BundleLoader::findClass0 (490 bytes)

Stack: [0x0000002821a00000,0x0000002821b00000]
Native frames: (J=compiled Java code, j=interpreted, Vv=VM code, C=native code)
V  [jvm.dll+0x6d7a39]
V  [jvm.dll+0x8b4b26]
V  [jvm.dll+0x8b70de]
V  [jvm.dll+0x8b77c3]
V  [jvm.dll+0x284346]
V  [jvm.dll+0xc66ed]
V  [jvm.dll+0xc6c31]
V  [jvm.dll+0x3bec01]
V  [jvm.dll+0x1e3d62]
V  [jvm.dll+0x24c6b3]
V  [jvm.dll+0x24bb40]
V  [jvm.dll+0x1cb34e]
V  [jvm.dll+0x25b85d]
V  [jvm.dll+0x259dea]
V  [jvm.dll+0x3f857e]
V  [jvm.dll+0x85f59d]
V  [jvm.dll+0x6d626d]
C  [ucrtbase.dll+0x37b0]
C  [KERNEL32.DLL+0x2e8d7]
C  [ntdll.dll+0x8c48c]


---------------  P R O C E S S  ---------------

Threads class SMR info:
_java_thread_list=0x0000019555cc8290, length=60, elements={
0x000001956fa7b860, 0x00000195700593d0, 0x000001957974ddd0, 0x000001957005f1a0,
0x00000195700615b0, 0x00000195700685d0, 0x000001957006e490, 0x000001957acf2680,
0x000001957acf84f0, 0x000001957ae34bf0, 0x000001957af36f30, 0x000001957d5b4d70,
0x000001957d847450, 0x000001957d51e620, 0x000001957de85890, 0x000001957e1de990,
0x000001957de94110, 0x000001957de96ad0, 0x000001957e263bd0, 0x000001957e6de230,
0x000001957e8e2480, 0x000001957e586700, 0x000001957e585350, 0x000001957e583280,
0x000001957e583910, 0x000001957e5859e0, 0x00000195555505c0, 0x000001957e586070,
0x000001957e584cc0, 0x00000195554cde00, 0x00000195554cfed0, 0x00000195554d0560,
0x00000195554ce490, 0x00000195554ceb20, 0x00000195554cd770, 0x00000195554cf1b0,
0x00000195554cf840, 0x00000195554cd0e0, 0x00000195554d2630, 0x00000195554d4070,
0x00000195554d39e0, 0x00000195554d0bf0, 0x00000195554d4700, 0x00000195554d1280,
0x00000195554d1fa0, 0x00000195554d2cc0, 0x00000195554d1910, 0x00000195554d3350,
0x0000019554c4fc50, 0x0000019554c502e0, 0x0000019554c4ef30, 0x0000019554c4f5c0,
0x0000019554c50970, 0x0000019554c4d4f0, 0x0000019554c51000, 0x0000019554c4db80,
0x000001957d5b0250, 0x0000019554c4e8a0, 0x0000019554c51690, 0x0000019554e1f550
}

Java Threads: ( => current thread )
  0x000001956fa7b860 JavaThread "main"                              [_thread_blocked, id=53056, stack(0x000000281c800000,0x000000281c900000) (1024K)]
  0x00000195700593d0 JavaThread "Reference Handler"          daemon [_thread_blocked, id=22776, stack(0x000000281cc00000,0x000000281cd00000) (1024K)]
  0x000001957974ddd0 JavaThread "Finalizer"                  daemon [_thread_blocked, id=33884, stack(0x000000281cd00000,0x000000281ce00000) (1024K)]
  0x000001957005f1a0 JavaThread "Signal Dispatcher"          daemon [_thread_blocked, id=21144, stack(0x000000281ce00000,0x000000281cf00000) (1024K)]
  0x00000195700615b0 JavaThread "Attach Listener"            daemon [_thread_blocked, id=39532, stack(0x000000281cf00000,0x000000281d000000) (1024K)]
  0x00000195700685d0 JavaThread "Service Thread"             daemon [_thread_blocked, id=22812, stack(0x000000281d000000,0x000000281d100000) (1024K)]
  0x000001957006e490 JavaThread "Monitor Deflation Thread"   daemon [_thread_blocked, id=40036, stack(0x000000281d100000,0x000000281d200000) (1024K)]
  0x000001957acf2680 JavaThread "C2 CompilerThread0"         daemon [_thread_blocked, id=52380, stack(0x000000281d200000,0x000000281d300000) (1024K)]
  0x000001957acf84f0 JavaThread "C1 CompilerThread0"         daemon [_thread_blocked, id=51840, stack(0x000000281d300000,0x000000281d400000) (1024K)]
  0x000001957ae34bf0 JavaThread "C2 CompilerThread1"         daemon [_thread_blocked, id=48508, stack(0x000000281d600000,0x000000281d700000) (1024K)]
  0x000001957af36f30 JavaThread "Common-Cleaner"             daemon [_thread_blocked, id=50516, stack(0x000000281d700000,0x000000281d800000) (1024K)]
  0x000001957d5b4d70 JavaThread "Notification Thread"        daemon [_thread_blocked, id=53168, stack(0x000000281d900000,0x000000281da00000) (1024K)]
  0x000001957d847450 JavaThread "C2 CompilerThread2"         daemon [_thread_blocked, id=12992, stack(0x000000281da00000,0x000000281db00000) (1024K)]
  0x000001957d51e620 JavaThread "C2 CompilerThread3"         daemon [_thread_blocked, id=18264, stack(0x000000281db00000,0x000000281dc00000) (1024K)]
  0x000001957de85890 JavaThread "Active Thread: Equinox Container: 3d200c7f-af12-49a4-88fa-21db0571d839"        [_thread_blocked, id=46256, stack(0x000000281e300000,0x000000281e400000) (1024K)]
  0x000001957e1de990 JavaThread "Refresh Thread: Equinox Container: 3d200c7f-af12-49a4-88fa-21db0571d839" daemon [_thread_blocked, id=38704, stack(0x000000281e500000,0x000000281e600000) (1024K)]
  0x000001957de94110 JavaThread "Framework Event Dispatcher: Equinox Container: 3d200c7f-af12-49a4-88fa-21db0571d839" daemon [_thread_blocked, id=3064, stack(0x000000281e600000,0x000000281e700000) (1024K)]
  0x000001957de96ad0 JavaThread "Start Level: Equinox Container: 3d200c7f-af12-49a4-88fa-21db0571d839" daemon [_thread_blocked, id=41616, stack(0x000000281e700000,0x000000281e800000) (1024K)]
  0x000001957e263bd0 JavaThread "Bundle File Closer"         daemon [_thread_blocked, id=5536, stack(0x000000281eb00000,0x000000281ec00000) (1024K)]
  0x000001957e6de230 JavaThread "SCR Component Actor"        daemon [_thread_blocked, id=51016, stack(0x000000281ed00000,0x000000281ee00000) (1024K)]
  0x000001957e8e2480 JavaThread "Worker-JM"                         [_thread_blocked, id=6792, stack(0x000000281ee00000,0x000000281ef00000) (1024K)]
  0x000001957e586700 JavaThread "JNA Cleaner"                daemon [_thread_blocked, id=41328, stack(0x000000281f100000,0x000000281f200000) (1024K)]
  0x000001957e585350 JavaThread "Worker-0"                          [_thread_blocked, id=52456, stack(0x000000281e200000,0x000000281e300000) (1024K)]
  0x000001957e583280 JavaThread "Worker-1: Building"                [_thread_blocked, id=1892, stack(0x000000281f200000,0x000000281f300000) (1024K)]
  0x000001957e583910 JavaThread "Worker-2"                          [_thread_blocked, id=4396, stack(0x000000281f400000,0x000000281f500000) (1024K)]
  0x000001957e5859e0 JavaThread "Java indexing"              daemon [_thread_blocked, id=44516, stack(0x000000281f800000,0x000000281f900000) (1024K)]
  0x00000195555505c0 JavaThread "C2 CompilerThread4"         daemon [_thread_blocked, id=9008, stack(0x000000281f900000,0x000000281fa00000) (1024K)]
  0x000001957e586070 JavaThread "Worker-3"                          [_thread_blocked, id=35996, stack(0x000000281fa00000,0x000000281fb00000) (1024K)]
  0x000001957e584cc0 JavaThread "Thread-1"                   daemon [_thread_in_native, id=4056, stack(0x000000281fe00000,0x000000281ff00000) (1024K)]
  0x00000195554cde00 JavaThread "Thread-2"                   daemon [_thread_in_native, id=20620, stack(0x000000281ff00000,0x0000002820000000) (1024K)]
  0x00000195554cfed0 JavaThread "Thread-3"                   daemon [_thread_in_native, id=52932, stack(0x0000002820000000,0x0000002820100000) (1024K)]
  0x00000195554d0560 JavaThread "Thread-4"                   daemon [_thread_in_native, id=13416, stack(0x0000002820100000,0x0000002820200000) (1024K)]
  0x00000195554ce490 JavaThread "Thread-5"                   daemon [_thread_in_native, id=6592, stack(0x0000002820200000,0x0000002820300000) (1024K)]
  0x00000195554ceb20 JavaThread "Thread-6"                   daemon [_thread_in_native, id=50716, stack(0x0000002820300000,0x0000002820400000) (1024K)]
  0x00000195554cd770 JavaThread "Thread-7"                   daemon [_thread_in_native, id=24776, stack(0x0000002820400000,0x0000002820500000) (1024K)]
  0x00000195554cf1b0 JavaThread "Thread-8"                   daemon [_thread_in_native, id=24528, stack(0x0000002820500000,0x0000002820600000) (1024K)]
  0x00000195554cf840 JavaThread "Thread-9"                   daemon [_thread_in_native, id=38864, stack(0x0000002820600000,0x0000002820700000) (1024K)]
  0x00000195554cd0e0 JavaThread "Thread-10"                  daemon [_thread_in_native, id=18072, stack(0x0000002820700000,0x0000002820800000) (1024K)]
  0x00000195554d2630 JavaThread "Thread-11"                  daemon [_thread_in_native, id=50196, stack(0x0000002820800000,0x0000002820900000) (1024K)]
  0x00000195554d4070 JavaThread "Thread-12"                  daemon [_thread_in_native, id=32968, stack(0x0000002820900000,0x0000002820a00000) (1024K)]
  0x00000195554d39e0 JavaThread "Thread-13"                  daemon [_thread_in_native, id=42664, stack(0x0000002820a00000,0x0000002820b00000) (1024K)]
  0x00000195554d0bf0 JavaThread "Thread-14"                  daemon [_thread_in_native, id=32492, stack(0x0000002820b00000,0x0000002820c00000) (1024K)]
  0x00000195554d4700 JavaThread "Thread-15"                  daemon [_thread_in_native, id=43416, stack(0x0000002820c00000,0x0000002820d00000) (1024K)]
  0x00000195554d1280 JavaThread "Thread-16"                  daemon [_thread_in_native, id=21572, stack(0x0000002820d00000,0x0000002820e00000) (1024K)]
  0x00000195554d1fa0 JavaThread "Thread-17"                  daemon [_thread_in_native, id=53148, stack(0x0000002820e00000,0x0000002820f00000) (1024K)]
  0x00000195554d2cc0 JavaThread "Thread-18"                  daemon [_thread_in_native, id=40684, stack(0x0000002820f00000,0x0000002821000000) (1024K)]
  0x00000195554d1910 JavaThread "Thread-19"                  daemon [_thread_in_native, id=45596, stack(0x0000002821000000,0x0000002821100000) (1024K)]
  0x00000195554d3350 JavaThread "Thread-20"                  daemon [_thread_in_native, id=13188, stack(0x0000002821100000,0x0000002821200000) (1024K)]
  0x0000019554c4fc50 JavaThread "Thread-21"                  daemon [_thread_in_native, id=51788, stack(0x0000002821200000,0x0000002821300000) (1024K)]
  0x0000019554c502e0 JavaThread "Thread-22"                  daemon [_thread_in_native, id=53204, stack(0x0000002821300000,0x0000002821400000) (1024K)]
  0x0000019554c4ef30 JavaThread "Thread-23"                  daemon [_thread_in_native, id=10312, stack(0x0000002821400000,0x0000002821500000) (1024K)]
  0x0000019554c4f5c0 JavaThread "Thread-24"                  daemon [_thread_in_native, id=10384, stack(0x0000002821500000,0x0000002821600000) (1024K)]
  0x0000019554c50970 JavaThread "Thread-25"                  daemon [_thread_in_native, id=50276, stack(0x0000002821600000,0x0000002821700000) (1024K)]
  0x0000019554c4d4f0 JavaThread "pool-2-thread-1"                   [_thread_blocked, id=1080, stack(0x0000002821700000,0x0000002821800000) (1024K)]
  0x0000019554c51000 JavaThread "Worker-4: Repository registry initialization"        [_thread_blocked, id=9836, stack(0x0000002821800000,0x0000002821900000) (1024K)]
  0x0000019554c4db80 JavaThread "Worker-5: Java indexing... "        [_thread_blocked, id=45344, stack(0x0000002821900000,0x0000002821a00000) (1024K)]
=>0x000001957d5b0250 JavaThread "C2 CompilerThread5"         daemon [_thread_in_native, id=40128, stack(0x0000002821a00000,0x0000002821b00000) (1024K)]
  0x0000019554c4e8a0 JavaThread "WorkspaceEventsHandler"            [_thread_blocked, id=45676, stack(0x0000002821d00000,0x0000002821e00000) (1024K)]
  0x0000019554c51690 JavaThread "pool-1-thread-1"                   [_thread_blocked, id=23548, stack(0x0000002821e00000,0x0000002821f00000) (1024K)]
  0x0000019554e1f550 JavaThread "C1 CompilerThread1"         daemon [_thread_blocked, id=49800, stack(0x000000281d400000,0x000000281d500000) (1024K)]
Total: 60

Other Threads:
  0x0000019570054bf0 VMThread "VM Thread"                           [id=51636, stack(0x000000281cb00000,0x000000281cc00000) (1024K)]
  0x000001957962ca00 WatcherThread "VM Periodic Task Thread"        [id=50204, stack(0x000000281ca00000,0x000000281cb00000) (1024K)]
  0x000001956ffd0640 WorkerThread "GC Thread#0"                     [id=43184, stack(0x000000281c900000,0x000000281ca00000) (1024K)]
  0x000001957e053700 WorkerThread "GC Thread#1"                     [id=51648, stack(0x000000281dc00000,0x000000281dd00000) (1024K)]
  0x000001957dcabf30 WorkerThread "GC Thread#2"                     [id=32888, stack(0x000000281dd00000,0x000000281de00000) (1024K)]
  0x000001957dcac2e0 WorkerThread "GC Thread#3"                     [id=46056, stack(0x000000281de00000,0x000000281df00000) (1024K)]
  0x000001957dcf8680 WorkerThread "GC Thread#4"                     [id=28892, stack(0x000000281df00000,0x000000281e000000) (1024K)]
  0x000001957dcf8a30 WorkerThread "GC Thread#5"                     [id=37268, stack(0x000000281e000000,0x000000281e100000) (1024K)]
  0x000001957dcf8de0 WorkerThread "GC Thread#6"                     [id=1672, stack(0x000000281e100000,0x000000281e200000) (1024K)]
  0x000001957e1e3880 WorkerThread "GC Thread#7"                     [id=23324, stack(0x000000281e400000,0x000000281e500000) (1024K)]
  0x000001957daf35a0 WorkerThread "GC Thread#8"                     [id=51412, stack(0x000000281e800000,0x000000281e900000) (1024K)]
  0x000001957e263820 WorkerThread "GC Thread#9"                     [id=2312, stack(0x000000281e900000,0x000000281ea00000) (1024K)]
  0x000001957e49cde0 WorkerThread "GC Thread#10"                    [id=16016, stack(0x000000281ea00000,0x000000281eb00000) (1024K)]
  0x000001957ea3dae0 WorkerThread "GC Thread#11"                    [id=22972, stack(0x000000281ec00000,0x000000281ed00000) (1024K)]
  0x000001957e52e210 WorkerThread "GC Thread#12"                    [id=44996, stack(0x000000281ef00000,0x000000281f000000) (1024K)]
  0x000001957e52d350 WorkerThread "GC Thread#13"                    [id=51572, stack(0x000000281f000000,0x000000281f100000) (1024K)]
  0x000001957e52e5c0 WorkerThread "GC Thread#14"                    [id=22536, stack(0x000000281f300000,0x000000281f400000) (1024K)]
  0x000001957e52d700 WorkerThread "GC Thread#15"                    [id=13440, stack(0x000000281f500000,0x000000281f600000) (1024K)]
  0x000001957e52cfa0 WorkerThread "GC Thread#16"                    [id=4348, stack(0x000000281f600000,0x000000281f700000) (1024K)]
  0x000001957e52de60 WorkerThread "GC Thread#17"                    [id=32932, stack(0x000000281f700000,0x000000281f800000) (1024K)]
Total: 20

Threads with active compile tasks:
C2 CompilerThread0  27421 7802       4       java.lang.Integer::toString (55 bytes)
C1 CompilerThread0  27421 7783       3       com.google.common.util.concurrent.AbstractFutureState::gasListeners (9 bytes)
C2 CompilerThread3  27422 7731       4       org.eclipse.jdt.internal.compiler.util.CharDeduplication::intern (11 bytes)
C2 CompilerThread5  27422 7019   !   4       org.eclipse.osgi.internal.loader.BundleLoader::findClass0 (490 bytes)
C1 CompilerThread1  27422 7782   !   3       com.google.common.cache.LocalCache$LoadingValueReference::loadFuture (123 bytes)
Total: 5

VM state: at safepoint (normal execution)

VM Mutex/Monitor currently owned by a thread:  ([mutex/lock_event])
[0x00007fff26d8e560] Threads_lock - owner thread: 0x0000019570054bf0
[0x00007fff26d8e660] Heap_lock - owner thread: 0x000001957e5859e0

Heap address: 0x0000000080000000, size: 2048 MB, Compressed Oops mode: 32-bit

CDS archive(s) mapped at: [0x000001950f000000-0x000001950fba0000-0x000001950fba0000), size 12189696, SharedBaseAddress: 0x000001950f000000, ArchiveRelocationMode: 1.
Compressed class space mapped at: 0x0000019510000000-0x0000019550000000, reserved size: 1073741824
Narrow klass base: 0x000001950f000000, Narrow klass shift: 0, Narrow klass range: 0x100000000

GC Precious Log:
 CardTable entry size: 512
 CPUs: 24 total, 24 available
 Memory: 32691M
 Large Page Support: Disabled
 NUMA Support: Disabled
 Compressed Oops: Enabled (32-bit)
 Alignments: Space 512K, Generation 512K, Heap 2M
 Heap Min Capacity: 100M
 Heap Initial Capacity: 100M
 Heap Max Capacity: 2G
 Pre-touch: Disabled
 Parallel Workers: 18

Heap:
 PSYoungGen      total 13824K, used 2559K [0x00000000d5580000, 0x00000000d6580000, 0x0000000100000000)
  eden space 11264K, 0% used [0x00000000d5580000,0x00000000d5580000,0x00000000d6080000)
  from space 2560K, 99% used [0x00000000d6300000,0x00000000d657fd60,0x00000000d6580000)
  to   space 2560K, 0% used [0x00000000d6080000,0x00000000d6080000,0x00000000d6300000)
 ParOldGen       total 200192K, used 199964K [0x0000000080000000, 0x000000008c380000, 0x00000000d5580000)
  object space 200192K, 99% used [0x0000000080000000,0x000000008c3470c0,0x000000008c380000)
 Metaspace       used 48395K, committed 49600K, reserved 1114112K
  class space    used 5200K, committed 5760K, reserved 1048576K

Card table byte_map: [0x0000019574a90000,0x0000019574ea0000] _byte_map_base: 0x0000019574690000

Marking Bits: (ParMarkBitMap*) 0x00007fff26d93450
 Begin Bits: [0x0000019575150000, 0x0000019577150000)
 End Bits:   [0x0000019577150000, 0x0000019579150000)

Polling page: 0x000001956fa30000

Metaspace:

Usage:
  Non-class:     42.18 MB used.
      Class:      5.08 MB used.
       Both:     47.26 MB used.

Virtual space:
  Non-class space:       64.00 MB reserved,      42.81 MB ( 67%) committed,  1 nodes.
      Class space:        1.00 GB reserved,       5.62 MB ( <1%) committed,  1 nodes.
             Both:        1.06 GB reserved,      48.44 MB (  4%) committed. 

Chunk freelists:
   Non-Class:  5.19 MB
       Class:  10.31 MB
        Both:  15.50 MB

MaxMetaspaceSize: unlimited
CompressedClassSpaceSize: 1.00 GB
Initial GC threshold: 21.00 MB
Current GC threshold: 58.38 MB
CDS: on
 - commit_granule_bytes: 65536.
 - commit_granule_words: 8192.
 - virtual_space_node_default_size: 8388608.
 - enlarge_chunks_in_place: 1.
 - use_allocation_guard: 0.


Internal statistics:

num_allocs_failed_limit: 6.
num_arena_births: 1024.
num_arena_deaths: 14.
num_vsnodes_births: 2.
num_vsnodes_deaths: 0.
num_space_committed: 775.
num_space_uncommitted: 0.
num_chunks_returned_to_freelist: 20.
num_chunks_taken_from_freelist: 3254.
num_chunk_merges: 12.
num_chunk_splits: 1978.
num_chunks_enlarged: 1086.
num_inconsistent_stats: 0.

CodeHeap 'non-profiled nmethods': size=119168Kb used=4575Kb max_used=4575Kb free=114592Kb
 bounds [0x0000019507ba0000, 0x0000019508020000, 0x000001950f000000]
CodeHeap 'profiled nmethods': size=119104Kb used=14743Kb max_used=14743Kb free=104360Kb
 bounds [0x0000019500000000, 0x0000019500e70000, 0x0000019507450000]
CodeHeap 'non-nmethods': size=7488Kb used=1953Kb max_used=3141Kb free=5534Kb
 bounds [0x0000019507450000, 0x0000019507770000, 0x0000019507ba0000]
CodeCache: size=245760Kb, used=21271Kb, max_used=22459Kb, free=224486Kb
 total_blobs=7862, nmethods=7168, adapters=599, full_count=0
Compilation: enabled, stopped_count=0, restarted_count=0

Compilation events (20 events):
Event: 26.390 Thread 0x000001957ae34bf0 nmethod 7755 0x0000019508017310 code [0x00000195080174e0, 0x0000019508017b18]
Event: 26.390 Thread 0x000001957acf84f0 nmethod 7773 0x0000019500e61010 code [0x0000019500e611e0, 0x0000019500e614a0]
Event: 26.390 Thread 0x000001957acf84f0 7775       3       com.google.inject.internal.ProvisionListenerCallbackStore::get (57 bytes)
Event: 26.390 Thread 0x0000019554e1f550 nmethod 7774 0x0000019500e61610 code [0x0000019500e618e0, 0x0000019500e62770]
Event: 26.390 Thread 0x0000019554e1f550 7776       3       com.google.inject.internal.ProvisionListenerCallbackStore$KeyBinding::<init> (15 bytes)
Event: 26.390 Thread 0x0000019554e1f550 nmethod 7776 0x0000019500e62b10 code [0x0000019500e62cc0, 0x0000019500e62e58]
Event: 26.390 Thread 0x0000019554e1f550 7777       3       com.google.inject.internal.ProvisionListenerCallbackStore$KeyBinding::hashCode (8 bytes)
Event: 26.390 Thread 0x000001957acf84f0 nmethod 7775 0x0000019500e62f10 code [0x0000019500e63180, 0x0000019500e63c18]
Event: 26.391 Thread 0x0000019554e1f550 nmethod 7777 0x0000019500e64010 code [0x0000019500e641a0, 0x0000019500e642d0]
Event: 26.391 Thread 0x0000019554e1f550 7778       3       com.google.inject.internal.ProvisionListenerCallbackStore$1::load (9 bytes)
Event: 26.391 Thread 0x000001957acf84f0 7779       3       java.util.TreeMap::compare (32 bytes)
Event: 26.391 Thread 0x0000019554e1f550 nmethod 7778 0x0000019500e64390 code [0x0000019500e64560, 0x0000019500e64870]
Event: 26.391 Thread 0x000001957acf84f0 nmethod 7779 0x0000019500e64a10 code [0x0000019500e64be0, 0x0000019500e64ff8]
Event: 26.391 Thread 0x000001957acf84f0 7780       3       java.util.concurrent.TimeUnit::convert (73 bytes)
Event: 26.391 Thread 0x000001957acf84f0 nmethod 7780 0x0000019500e65110 code [0x0000019500e65320, 0x0000019500e656b8]
Event: 26.391 Thread 0x000001957acf84f0 7781       3       java.lang.Class::searchFields (43 bytes)
Event: 26.392 Thread 0x000001957acf84f0 nmethod 7781 0x0000019500e65890 code [0x0000019500e65a60, 0x0000019500e65cf0]
Event: 26.393 Thread 0x0000019554e1f550 7782   !   3       com.google.common.cache.LocalCache$LoadingValueReference::loadFuture (123 bytes)
Event: 26.393 Thread 0x000001957acf84f0 7783       3       com.google.common.util.concurrent.AbstractFutureState::gasListeners (9 bytes)
Event: 26.398 Thread 0x000001957acf2680 7802       4       java.lang.Integer::toString (55 bytes)

GC Heap History (20 events):
Event: 17.167 GC heap after
{Heap after GC invocations=74 (full 2):
 PSYoungGen      total 11776K, used 2341K [0x00000000d5580000, 0x00000000d6500000, 0x0000000100000000)
  eden space 9216K, 0% used [0x00000000d5580000,0x00000000d5580000,0x00000000d5e80000)
  from space 2560K, 91% used [0x00000000d6280000,0x00000000d64c9730,0x00000000d6500000)
  to   space 3072K, 0% used [0x00000000d5f00000,0x00000000d5f00000,0x00000000d6200000)
 ParOldGen       total 177152K, used 177010K [0x0000000080000000, 0x000000008ad00000, 0x00000000d5580000)
  object space 177152K, 99% used [0x0000000080000000,0x000000008acdca78,0x000000008ad00000)
 Metaspace       used 47852K, committed 49152K, reserved 1114112K
  class space    used 5119K, committed 5696K, reserved 1048576K
}
Event: 17.187 GC heap before
{Heap before GC invocations=75 (full 2):
 PSYoungGen      total 11776K, used 11557K [0x00000000d5580000, 0x00000000d6500000, 0x0000000100000000)
  eden space 9216K, 100% used [0x00000000d5580000,0x00000000d5e80000,0x00000000d5e80000)
  from space 2560K, 91% used [0x00000000d6280000,0x00000000d64c9730,0x00000000d6500000)
  to   space 3072K, 0% used [0x00000000d5f00000,0x00000000d5f00000,0x00000000d6200000)
 ParOldGen       total 177152K, used 177010K [0x0000000080000000, 0x000000008ad00000, 0x00000000d5580000)
  object space 177152K, 99% used [0x0000000080000000,0x000000008acdca78,0x000000008ad00000)
 Metaspace       used 47895K, committed 49152K, reserved 1114112K
  class space    used 5126K, committed 5696K, reserved 1048576K
}
Event: 17.189 GC heap after
{Heap after GC invocations=75 (full 2):
 PSYoungGen      total 11776K, used 2329K [0x00000000d5580000, 0x00000000d6380000, 0x0000000100000000)
  eden space 9216K, 0% used [0x00000000d5580000,0x00000000d5580000,0x00000000d5e80000)
  from space 2560K, 91% used [0x00000000d5f00000,0x00000000d61467f0,0x00000000d6180000)
  to   space 2048K, 0% used [0x00000000d6180000,0x00000000d6180000,0x00000000d6380000)
 ParOldGen       total 179200K, used 179119K [0x0000000080000000, 0x000000008af00000, 0x00000000d5580000)
  object space 179200K, 99% used [0x0000000080000000,0x000000008aeebc70,0x000000008af00000)
 Metaspace       used 47895K, committed 49152K, reserved 1114112K
  class space    used 5126K, committed 5696K, reserved 1048576K
}
Event: 17.222 GC heap before
{Heap before GC invocations=76 (full 2):
 PSYoungGen      total 11776K, used 11545K [0x00000000d5580000, 0x00000000d6380000, 0x0000000100000000)
  eden space 9216K, 100% used [0x00000000d5580000,0x00000000d5e80000,0x00000000d5e80000)
  from space 2560K, 91% used [0x00000000d5f00000,0x00000000d61467f0,0x00000000d6180000)
  to   space 2048K, 0% used [0x00000000d6180000,0x00000000d6180000,0x00000000d6380000)
 ParOldGen       total 179200K, used 179119K [0x0000000080000000, 0x000000008af00000, 0x00000000d5580000)
  object space 179200K, 99% used [0x0000000080000000,0x000000008aeebc70,0x000000008af00000)
 Metaspace       used 47988K, committed 49216K, reserved 1114112K
  class space    used 5139K, committed 5696K, reserved 1048576K
}
Event: 17.228 GC heap after
{Heap after GC invocations=76 (full 2):
 PSYoungGen      total 10752K, used 1351K [0x00000000d5580000, 0x00000000d6300000, 0x0000000100000000)
  eden space 9216K, 0% used [0x00000000d5580000,0x00000000d5580000,0x00000000d5e80000)
  from space 1536K, 88% used [0x00000000d6180000,0x00000000d62d1fd0,0x00000000d6300000)
  to   space 2048K, 0% used [0x00000000d5f00000,0x00000000d5f00000,0x00000000d6100000)
 ParOldGen       total 184832K, used 184685K [0x0000000080000000, 0x000000008b480000, 0x00000000d5580000)
  object space 184832K, 99% used [0x0000000080000000,0x000000008b45b5a8,0x000000008b480000)
 Metaspace       used 47988K, committed 49216K, reserved 1114112K
  class space    used 5139K, committed 5696K, reserved 1048576K
}
Event: 17.263 GC heap before
{Heap before GC invocations=77 (full 2):
 PSYoungGen      total 10752K, used 10567K [0x00000000d5580000, 0x00000000d6300000, 0x0000000100000000)
  eden space 9216K, 100% used [0x00000000d5580000,0x00000000d5e80000,0x00000000d5e80000)
  from space 1536K, 88% used [0x00000000d6180000,0x00000000d62d1fd0,0x00000000d6300000)
  to   space 2048K, 0% used [0x00000000d5f00000,0x00000000d5f00000,0x00000000d6100000)
 ParOldGen       total 184832K, used 184685K [0x0000000080000000, 0x000000008b480000, 0x00000000d5580000)
  object space 184832K, 99% used [0x0000000080000000,0x000000008b45b5a8,0x000000008b480000)
 Metaspace       used 48043K, committed 49280K, reserved 1114112K
  class space    used 5145K, committed 5696K, reserved 1048576K
}
Event: 18.265 GC heap after
{Heap after GC invocations=77 (full 2):
 PSYoungGen      total 11264K, used 2020K [0x00000000d5580000, 0x00000000d6580000, 0x0000000100000000)
  eden space 9216K, 0% used [0x00000000d5580000,0x00000000d5580000,0x00000000d5e80000)
  from space 2048K, 98% used [0x00000000d5f00000,0x00000000d60f9250,0x00000000d6100000)
  to   space 3584K, 0% used [0x00000000d6200000,0x00000000d6200000,0x00000000d6580000)
 ParOldGen       total 186368K, used 185870K [0x0000000080000000, 0x000000008b600000, 0x00000000d5580000)
  object space 186368K, 99% used [0x0000000080000000,0x000000008b583a78,0x000000008b600000)
 Metaspace       used 48043K, committed 49280K, reserved 1114112K
  class space    used 5145K, committed 5696K, reserved 1048576K
}
Event: 18.282 GC heap before
{Heap before GC invocations=78 (full 2):
 PSYoungGen      total 11264K, used 11236K [0x00000000d5580000, 0x00000000d6580000, 0x0000000100000000)
  eden space 9216K, 100% used [0x00000000d5580000,0x00000000d5e80000,0x00000000d5e80000)
  from space 2048K, 98% used [0x00000000d5f00000,0x00000000d60f9250,0x00000000d6100000)
  to   space 3584K, 0% used [0x00000000d6200000,0x00000000d6200000,0x00000000d6580000)
 ParOldGen       total 186368K, used 185870K [0x0000000080000000, 0x000000008b600000, 0x00000000d5580000)
  object space 186368K, 99% used [0x0000000080000000,0x000000008b583a78,0x000000008b600000)
 Metaspace       used 48086K, committed 49344K, reserved 1114112K
  class space    used 5151K, committed 5696K, reserved 1048576K
}
Event: 18.284 GC heap after
{Heap after GC invocations=78 (full 2):
 PSYoungGen      total 11776K, used 2314K [0x00000000d5580000, 0x00000000d6480000, 0x0000000100000000)
  eden space 9216K, 0% used [0x00000000d5580000,0x00000000d5580000,0x00000000d5e80000)
  from space 2560K, 90% used [0x00000000d6200000,0x00000000d6442930,0x00000000d6480000)
  to   space 3072K, 0% used [0x00000000d5e80000,0x00000000d5e80000,0x00000000d6180000)
 ParOldGen       total 187904K, used 187879K [0x0000000080000000, 0x000000008b780000, 0x00000000d5580000)
  object space 187904K, 99% used [0x0000000080000000,0x000000008b779d98,0x000000008b780000)
 Metaspace       used 48086K, committed 49344K, reserved 1114112K
  class space    used 5151K, committed 5696K, reserved 1048576K
}
Event: 18.300 GC heap before
{Heap before GC invocations=79 (full 2):
 PSYoungGen      total 11776K, used 11530K [0x00000000d5580000, 0x00000000d6480000, 0x0000000100000000)
  eden space 9216K, 100% used [0x00000000d5580000,0x00000000d5e80000,0x00000000d5e80000)
  from space 2560K, 90% used [0x00000000d6200000,0x00000000d6442930,0x00000000d6480000)
  to   space 3072K, 0% used [0x00000000d5e80000,0x00000000d5e80000,0x00000000d6180000)
 ParOldGen       total 187904K, used 187879K [0x0000000080000000, 0x000000008b780000, 0x00000000d5580000)
  object space 187904K, 99% used [0x0000000080000000,0x000000008b779d98,0x000000008b780000)
 Metaspace       used 48118K, committed 49408K, reserved 1114112K
  class space    used 5159K, committed 5760K, reserved 1048576K
}
Event: 18.302 GC heap after
{Heap after GC invocations=79 (full 2):
 PSYoungGen      total 11776K, used 2211K [0x00000000d5580000, 0x00000000d6380000, 0x0000000100000000)
  eden space 9216K, 0% used [0x00000000d5580000,0x00000000d5580000,0x00000000d5e80000)
  from space 2560K, 86% used [0x00000000d5e80000,0x00000000d60a8fc0,0x00000000d6100000)
  to   space 2560K, 0% used [0x00000000d6100000,0x00000000d6100000,0x00000000d6380000)
 ParOldGen       total 189952K, used 189926K [0x0000000080000000, 0x000000008b980000, 0x00000000d5580000)
  object space 189952K, 99% used [0x0000000080000000,0x000000008b979ad0,0x000000008b980000)
 Metaspace       used 48118K, committed 49408K, reserved 1114112K
  class space    used 5159K, committed 5760K, reserved 1048576K
}
Event: 18.317 GC heap before
{Heap before GC invocations=80 (full 2):
 PSYoungGen      total 11776K, used 11427K [0x00000000d5580000, 0x00000000d6380000, 0x0000000100000000)
  eden space 9216K, 100% used [0x00000000d5580000,0x00000000d5e80000,0x00000000d5e80000)
  from space 2560K, 86% used [0x00000000d5e80000,0x00000000d60a8fc0,0x00000000d6100000)
  to   space 2560K, 0% used [0x00000000d6100000,0x00000000d6100000,0x00000000d6380000)
 ParOldGen       total 189952K, used 189926K [0x0000000080000000, 0x000000008b980000, 0x00000000d5580000)
  object space 189952K, 99% used [0x0000000080000000,0x000000008b979ad0,0x000000008b980000)
 Metaspace       used 48149K, committed 49408K, reserved 1114112K
  class space    used 5164K, committed 5760K, reserved 1048576K
}
Event: 23.331 GC heap after
{Heap after GC invocations=80 (full 2):
 PSYoungGen      total 11776K, used 2258K [0x00000000d5580000, 0x00000000d6380000, 0x0000000100000000)
  eden space 9216K, 0% used [0x00000000d5580000,0x00000000d5580000,0x00000000d5e80000)
  from space 2560K, 88% used [0x00000000d6100000,0x00000000d6334940,0x00000000d6380000)
  to   space 2560K, 0% used [0x00000000d5e80000,0x00000000d5e80000,0x00000000d6100000)
 ParOldGen       total 192000K, used 191952K [0x0000000080000000, 0x000000008bb80000, 0x00000000d5580000)
  object space 192000K, 99% used [0x0000000080000000,0x000000008bb740f8,0x000000008bb80000)
 Metaspace       used 48149K, committed 49408K, reserved 1114112K
  class space    used 5164K, committed 5760K, reserved 1048576K
}
Event: 24.335 GC heap before
{Heap before GC invocations=81 (full 2):
 PSYoungGen      total 11776K, used 11474K [0x00000000d5580000, 0x00000000d6380000, 0x0000000100000000)
  eden space 9216K, 100% used [0x00000000d5580000,0x00000000d5e80000,0x00000000d5e80000)
  from space 2560K, 88% used [0x00000000d6100000,0x00000000d6334940,0x00000000d6380000)
  to   space 2560K, 0% used [0x00000000d5e80000,0x00000000d5e80000,0x00000000d6100000)
 ParOldGen       total 192000K, used 191952K [0x0000000080000000, 0x000000008bb80000, 0x00000000d5580000)
  object space 192000K, 99% used [0x0000000080000000,0x000000008bb740f8,0x000000008bb80000)
 Metaspace       used 48157K, committed 49408K, reserved 1114112K
  class space    used 5166K, committed 5760K, reserved 1048576K
}
Event: 25.336 GC heap after
{Heap after GC invocations=81 (full 2):
 PSYoungGen      total 11776K, used 2256K [0x00000000d5580000, 0x00000000d6580000, 0x0000000100000000)
  eden space 9216K, 0% used [0x00000000d5580000,0x00000000d5580000,0x00000000d5e80000)
  from space 2560K, 88% used [0x00000000d5e80000,0x00000000d60b41d0,0x00000000d6100000)
  to   space 2560K, 0% used [0x00000000d6300000,0x00000000d6300000,0x00000000d6580000)
 ParOldGen       total 194048K, used 193936K [0x0000000080000000, 0x000000008bd80000, 0x00000000d5580000)
  object space 194048K, 99% used [0x0000000080000000,0x000000008bd64018,0x000000008bd80000)
 Metaspace       used 48157K, committed 49408K, reserved 1114112K
  class space    used 5166K, committed 5760K, reserved 1048576K
}
Event: 26.354 GC heap before
{Heap before GC invocations=82 (full 2):
 PSYoungGen      total 11776K, used 11472K [0x00000000d5580000, 0x00000000d6580000, 0x0000000100000000)
  eden space 9216K, 100% used [0x00000000d5580000,0x00000000d5e80000,0x00000000d5e80000)
  from space 2560K, 88% used [0x00000000d5e80000,0x00000000d60b41d0,0x00000000d6100000)
  to   space 2560K, 0% used [0x00000000d6300000,0x00000000d6300000,0x00000000d6580000)
 ParOldGen       total 194048K, used 193936K [0x0000000080000000, 0x000000008bd80000, 0x00000000d5580000)
  object space 194048K, 99% used [0x0000000080000000,0x000000008bd64018,0x000000008bd80000)
 Metaspace       used 48208K, committed 49472K, reserved 1114112K
  class space    used 5174K, committed 5760K, reserved 1048576K
}
Event: 26.356 GC heap after
{Heap after GC invocations=82 (full 2):
 PSYoungGen      total 13824K, used 2217K [0x00000000d5580000, 0x00000000d6580000, 0x0000000100000000)
  eden space 11264K, 0% used [0x00000000d5580000,0x00000000d5580000,0x00000000d6080000)
  from space 2560K, 86% used [0x00000000d6300000,0x00000000d652a448,0x00000000d6580000)
  to   space 2560K, 0% used [0x00000000d6080000,0x00000000d6080000,0x00000000d6300000)
 ParOldGen       total 196096K, used 195944K [0x0000000080000000, 0x000000008bf80000, 0x00000000d5580000)
  object space 196096K, 99% used [0x0000000080000000,0x000000008bf5a038,0x000000008bf80000)
 Metaspace       used 48208K, committed 49472K, reserved 1114112K
  class space    used 5174K, committed 5760K, reserved 1048576K
}
Event: 26.377 GC heap before
{Heap before GC invocations=83 (full 2):
 PSYoungGen      total 13824K, used 13481K [0x00000000d5580000, 0x00000000d6580000, 0x0000000100000000)
  eden space 11264K, 99% used [0x00000000d5580000,0x00000000d607fff0,0x00000000d6080000)
  from space 2560K, 86% used [0x00000000d6300000,0x00000000d652a448,0x00000000d6580000)
  to   space 2560K, 0% used [0x00000000d6080000,0x00000000d6080000,0x00000000d6300000)
 ParOldGen       total 196096K, used 195944K [0x0000000080000000, 0x000000008bf80000, 0x00000000d5580000)
  object space 196096K, 99% used [0x0000000080000000,0x000000008bf5a038,0x000000008bf80000)
 Metaspace       used 48312K, committed 49536K, reserved 1114112K
  class space    used 5189K, committed 5760K, reserved 1048576K
}
Event: 26.378 GC heap after
{Heap after GC invocations=83 (full 2):
 PSYoungGen      total 13824K, used 2421K [0x00000000d5580000, 0x00000000d6580000, 0x0000000100000000)
  eden space 11264K, 0% used [0x00000000d5580000,0x00000000d5580000,0x00000000d6080000)
  from space 2560K, 94% used [0x00000000d6080000,0x00000000d62dd638,0x00000000d6300000)
  to   space 2560K, 0% used [0x00000000d6300000,0x00000000d6300000,0x00000000d6580000)
 ParOldGen       total 198144K, used 197840K [0x0000000080000000, 0x000000008c180000, 0x00000000d5580000)
  object space 198144K, 99% used [0x0000000080000000,0x000000008c1343e8,0x000000008c180000)
 Metaspace       used 48312K, committed 49536K, reserved 1114112K
  class space    used 5189K, committed 5760K, reserved 1048576K
}
Event: 26.400 GC heap before
{Heap before GC invocations=84 (full 2):
 PSYoungGen      total 13824K, used 13685K [0x00000000d5580000, 0x00000000d6580000, 0x0000000100000000)
  eden space 11264K, 100% used [0x00000000d5580000,0x00000000d6080000,0x00000000d6080000)
  from space 2560K, 94% used [0x00000000d6080000,0x00000000d62dd638,0x00000000d6300000)
  to   space 2560K, 0% used [0x00000000d6300000,0x00000000d6300000,0x00000000d6580000)
 ParOldGen       total 198144K, used 197840K [0x0000000080000000, 0x000000008c180000, 0x00000000d5580000)
  object space 198144K, 99% used [0x0000000080000000,0x000000008c1343e8,0x000000008c180000)
 Metaspace       used 48395K, committed 49600K, reserved 1114112K
  class space    used 5200K, committed 5760K, reserved 1048576K
}

Dll operation events (10 events):
Event: 0.010 Loaded shared library c:\Users\victo\.vscode\extensions\redhat.java-1.53.0-win32-x64\jre\21.0.10-win32-x86_64\bin\java.dll
Event: 0.059 Loaded shared library c:\Users\victo\.vscode\extensions\redhat.java-1.53.0-win32-x64\jre\21.0.10-win32-x86_64\bin\zip.dll
Event: 0.073 Loaded shared library C:\Users\victo\.vscode\extensions\redhat.java-1.53.0-win32-x64\jre\21.0.10-win32-x86_64\bin\instrument.dll
Event: 0.077 Loaded shared library C:\Users\victo\.vscode\extensions\redhat.java-1.53.0-win32-x64\jre\21.0.10-win32-x86_64\bin\net.dll
Event: 0.079 Loaded shared library C:\Users\victo\.vscode\extensions\redhat.java-1.53.0-win32-x64\jre\21.0.10-win32-x86_64\bin\nio.dll
Event: 0.081 Loaded shared library C:\Users\victo\.vscode\extensions\redhat.java-1.53.0-win32-x64\jre\21.0.10-win32-x86_64\bin\zip.dll
Event: 0.094 Loaded shared library C:\Users\victo\.vscode\extensions\redhat.java-1.53.0-win32-x64\jre\21.0.10-win32-x86_64\bin\jimage.dll
Event: 0.149 Loaded shared library c:\Users\victo\.vscode\extensions\redhat.java-1.53.0-win32-x64\jre\21.0.10-win32-x86_64\bin\verify.dll
Event: 1.104 Loaded shared library C:\Users\victo\AppData\Roaming\Code\User\globalStorage\redhat.java\1.53.0\config_win\org.eclipse.equinox.launcher\org.eclipse.equinox.launcher.win32.win32.x86_64_1.3.0.v20260203-2149\eclipse_11919.dll
Event: 2.334 Loaded shared library C:\Users\victo\AppData\Local\Temp\jna-112202379\jna3912359076115937329.dll

Deoptimization events (20 events):
Event: 25.337 Thread 0x0000019554c51000 DEOPT PACKING pc=0x0000019508003e68 sp=0x00000028218fd0e0
Event: 25.337 Thread 0x0000019554c51000 DEOPT UNPACKING pc=0x00000195074a3aa2 sp=0x00000028218fd060 mode 2
Event: 25.337 Thread 0x0000019554c51000 Uncommon trap: trap_request=0xffffffd6 fr.pc=0x0000019508003e68 relative=0x00000000000000c8
Event: 25.338 Thread 0x0000019554c51000 Uncommon trap: reason=array_check action=maybe_recompile pc=0x0000019508003e68 method=java.util.stream.Nodes$FixedNodeBuilder.accept(Ljava/lang/Object;)V @ 28 c2
Event: 25.338 Thread 0x0000019554c51000 DEOPT PACKING pc=0x0000019508003e68 sp=0x00000028218fd0e0
Event: 25.338 Thread 0x0000019554c51000 DEOPT UNPACKING pc=0x00000195074a3aa2 sp=0x00000028218fd060 mode 2
Event: 25.338 Thread 0x0000019554c51000 Uncommon trap: trap_request=0xffffffd6 fr.pc=0x0000019508003e68 relative=0x00000000000000c8
Event: 25.338 Thread 0x0000019554c51000 Uncommon trap: reason=array_check action=maybe_recompile pc=0x0000019508003e68 method=java.util.stream.Nodes$FixedNodeBuilder.accept(Ljava/lang/Object;)V @ 28 c2
Event: 25.338 Thread 0x0000019554c51000 DEOPT PACKING pc=0x0000019508003e68 sp=0x00000028218fd0e0
Event: 25.338 Thread 0x0000019554c51000 DEOPT UNPACKING pc=0x00000195074a3aa2 sp=0x00000028218fd060 mode 2
Event: 25.338 Thread 0x0000019554c51000 Uncommon trap: trap_request=0xffffffd6 fr.pc=0x0000019508003e68 relative=0x00000000000000c8
Event: 25.338 Thread 0x0000019554c51000 Uncommon trap: reason=array_check action=maybe_recompile pc=0x0000019508003e68 method=java.util.stream.Nodes$FixedNodeBuilder.accept(Ljava/lang/Object;)V @ 28 c2
Event: 25.338 Thread 0x0000019554c51000 DEOPT PACKING pc=0x0000019508003e68 sp=0x00000028218fd0e0
Event: 25.338 Thread 0x0000019554c51000 DEOPT UNPACKING pc=0x00000195074a3aa2 sp=0x00000028218fd060 mode 2
Event: 26.365 Thread 0x0000019554c51000 Uncommon trap: trap_request=0xffffff45 fr.pc=0x0000019507de7230 relative=0x0000000000000590
Event: 26.365 Thread 0x0000019554c51000 Uncommon trap: reason=unstable_if action=reinterpret pc=0x0000019507de7230 method=java.util.TreeMap.put(Ljava/lang/Object;Ljava/lang/Object;Z)Ljava/lang/Object; @ 158 c2
Event: 26.365 Thread 0x0000019554c51000 DEOPT PACKING pc=0x0000019507de7230 sp=0x00000028218fd570
Event: 26.365 Thread 0x0000019554c51000 DEOPT UNPACKING pc=0x00000195074a3aa2 sp=0x00000028218fd4e0 mode 2
Event: 26.374 Thread 0x000001957e5859e0 DEOPT PACKING pc=0x0000019500d1144a sp=0x000000281f8fe820
Event: 26.374 Thread 0x000001957e5859e0 DEOPT UNPACKING pc=0x00000195074a4242 sp=0x000000281f8fdc50 mode 0

Classes loaded (20 events):
Event: 4.652 Loading class java/lang/invoke/MethodHandleImpl$CountingWrapper
Event: 4.652 Loading class java/lang/invoke/MethodHandleImpl$CountingWrapper done
Event: 4.666 Loading class java/lang/annotation/ElementType
Event: 4.666 Loading class java/lang/annotation/ElementType done
Event: 4.857 Loading class java/lang/annotation/IncompleteAnnotationException
Event: 4.857 Loading class java/lang/annotation/IncompleteAnnotationException done
Event: 6.411 Loading class sun/reflect/annotation/AnnotatedTypeFactory$AnnotatedParameterizedTypeImpl
Event: 6.411 Loading class java/lang/reflect/AnnotatedParameterizedType
Event: 6.411 Loading class java/lang/reflect/AnnotatedParameterizedType done
Event: 6.411 Loading class sun/reflect/annotation/AnnotatedTypeFactory$AnnotatedParameterizedTypeImpl done
Event: 6.588 Loading class sun/reflect/generics/scope/ConstructorScope
Event: 6.588 Loading class sun/reflect/generics/scope/ConstructorScope done
Event: 6.588 Loading class sun/reflect/generics/tree/VoidDescriptor
Event: 6.588 Loading class sun/reflect/generics/tree/VoidDescriptor done
Event: 16.636 Loading class java/util/concurrent/CompletionService
Event: 16.636 Loading class java/util/concurrent/CompletionService done
Event: 16.669 Loading class java/nio/channels/ServerSocketChannel
Event: 16.669 Loading class java/nio/channels/ServerSocketChannel done
Event: 17.070 Loading class jdk/internal/org/objectweb/asm/ClassReader
Event: 17.071 Loading class jdk/internal/org/objectweb/asm/ClassReader done

Classes unloaded (7 events):
Event: 2.749 Thread 0x0000019570054bf0 Unloading class 0x00000195101a8c00 'java/lang/invoke/LambdaForm$MH+0x00000195101a8c00'
Event: 2.749 Thread 0x0000019570054bf0 Unloading class 0x00000195101a8800 'java/lang/invoke/LambdaForm$MH+0x00000195101a8800'
Event: 2.749 Thread 0x0000019570054bf0 Unloading class 0x00000195101a8400 'java/lang/invoke/LambdaForm$MH+0x00000195101a8400'
Event: 2.749 Thread 0x0000019570054bf0 Unloading class 0x00000195101a8000 'java/lang/invoke/LambdaForm$MH+0x00000195101a8000'
Event: 2.749 Thread 0x0000019570054bf0 Unloading class 0x00000195101a7c00 'java/lang/invoke/LambdaForm$BMH+0x00000195101a7c00'
Event: 2.749 Thread 0x0000019570054bf0 Unloading class 0x00000195101a7800 'java/lang/invoke/LambdaForm$DMH+0x00000195101a7800'
Event: 2.749 Thread 0x0000019570054bf0 Unloading class 0x00000195101a6400 'java/lang/invoke/LambdaForm$DMH+0x00000195101a6400'

Classes redefined (0 events):
No events

Internal exceptions (20 events):
Event: 3.879 Thread 0x000001957e586070 Exception <a 'java/lang/NoSuchMethodError'{0x00000000d5966348}: 'java.lang.Object java.lang.invoke.Invokers$Holder.linkToTargetMethod(java.lang.Object, java.lang.Object, int, java.lang.Object)'> (0x00000000d5966348) 
thrown [s\src\hotspot\share\interpreter\linkResolver.cpp, line 773]
Event: 3.882 Thread 0x000001957e586070 Exception <a 'java/lang/NoSuchMethodError'{0x00000000d59a7d80}: 'void java.lang.invoke.DirectMethodHandle$Holder.invokeStaticInit(java.lang.Object, java.lang.Object, java.lang.Object)'> (0x00000000d59a7d80) 
thrown [s\src\hotspot\share\interpreter\linkResolver.cpp, line 773]
Event: 3.959 Thread 0x000001957e583280 Implicit null exception at 0x0000019507dbe2f7 to 0x0000019507dbe568
Event: 3.961 Thread 0x000001957e583280 Exception <a 'java/lang/NoSuchMethodError'{0x00000000d6070dc8}: 'java.lang.Object java.lang.invoke.DelegatingMethodHandle$Holder.reinvoke_L(java.lang.Object, int, long, java.lang.Object, java.lang.Object, int, java.lang.Object)'> (0x00000000d6070dc8) 
thrown [s\src\hotspot\share\interpreter\linkResolver.cpp, line 773]
Event: 3.991 Thread 0x0000019554c51000 Exception <a 'java/lang/NoSuchMethodError'{0x00000000d62e4a38}: 'java.lang.Object java.lang.invoke.DirectMethodHandle$Holder.invokeSpecialIFC(java.lang.Object, java.lang.Object, java.lang.Object, java.lang.Object)'> (0x00000000d62e4a38) 
thrown [s\src\hotspot\share\interpreter\linkResolver.cpp, line 773]
Event: 4.111 Thread 0x000001957e5859e0 Exception <a 'java/lang/NoSuchMethodError'{0x00000000d5ae4620}: 'java.lang.Object java.lang.invoke.DirectMethodHandle$Holder.invokeVirtual(java.lang.Object, java.lang.Object, int)'> (0x00000000d5ae4620) 
thrown [s\src\hotspot\share\interpreter\linkResolver.cpp, line 773]
Event: 4.326 Thread 0x000001956fa7b860 Exception <a 'java/lang/NoSuchMethodError'{0x00000000d68c3b20}: 'void java.lang.invoke.DirectMethodHandle$Holder.invokeSpecial(java.lang.Object, java.lang.Object, java.lang.Object, java.lang.Object, java.lang.Object, java.lang.Object)'> (0x00000000d68c3b20) 
thrown [s\src\hotspot\share\interpreter\linkResolver.cpp, line 773]
Event: 4.333 Thread 0x000001956fa7b860 Exception <a 'java/lang/IncompatibleClassChangeError'{0x00000000d558d020}: Found class java.lang.Object, but interface was expected> (0x00000000d558d020) 
thrown [s\src\hotspot\share\interpreter\linkResolver.cpp, line 840]
Event: 4.334 Thread 0x000001956fa7b860 Exception <a 'java/lang/IncompatibleClassChangeError'{0x00000000d558eee0}: Found class java.lang.Object, but interface was expected> (0x00000000d558eee0) 
thrown [s\src\hotspot\share\interpreter\linkResolver.cpp, line 840]
Event: 4.449 Thread 0x000001956fa7b860 Implicit null exception at 0x0000019507d7acba to 0x0000019507d7acf4
Event: 4.576 Thread 0x000001957e5859e0 Implicit null exception at 0x0000019507c428e9 to 0x0000019507c42abc
Event: 4.651 Thread 0x000001957e583280 Exception <a 'java/lang/NoSuchMethodError'{0x00000000d6518e38}: 'java.lang.Object java.lang.invoke.DirectMethodHandle$Holder.invokeStatic(java.lang.Object, int, java.lang.Object, java.lang.Object)'> (0x00000000d6518e38) 
thrown [s\src\hotspot\share\interpreter\linkResolver.cpp, line 773]
Event: 4.651 Thread 0x000001957e583280 Exception <a 'java/lang/NoSuchMethodError'{0x00000000d651c638}: 'java.lang.Object java.lang.invoke.DelegatingMethodHandle$Holder.delegate(java.lang.Object, int, java.lang.Object, java.lang.Object)'> (0x00000000d651c638) 
thrown [s\src\hotspot\share\interpreter\linkResolver.cpp, line 773]
Event: 4.655 Thread 0x000001957e583280 Exception <a 'java/lang/NoSuchMethodError'{0x00000000d652fdb8}: 'int java.lang.invoke.Invokers$Holder.linkToTargetMethod(java.lang.Object, java.lang.Object, java.lang.Object)'> (0x00000000d652fdb8) 
thrown [s\src\hotspot\share\interpreter\linkResolver.cpp, line 773]
Event: 4.790 Thread 0x0000019554c51690 Exception <a 'java/io/FileNotFoundException'{0x00000000d5efbe08}> (0x00000000d5efbe08) 
thrown [s\src\hotspot\share\prims\jni.cpp, line 520]
Event: 4.857 Thread 0x0000019554c51000 Exception <a 'java/lang/NoClassDefFoundError'{0x00000000d66984a0}: javax/enterprise/inject/Typed> (0x00000000d66984a0) 
thrown [s\src\hotspot\share\classfile\systemDictionary.cpp, line 301]
Event: 17.020 Thread 0x0000019554c51000 Exception <a 'java/lang/ExceptionInInitializerError'{0x00000000d5f51948}> (0x00000000d5f51948) 
thrown [s\src\hotspot\share\oops\instanceKlass.cpp, line 1220]
Event: 17.073 Thread 0x0000019554c51000 Implicit null exception at 0x0000019507cf737e to 0x0000019507cf75f0
Event: 17.073 Thread 0x0000019554c51000 Implicit null exception at 0x0000019507c5b29c to 0x0000019507c5c1b8
Event: 17.080 Thread 0x0000019554c51000 Exception <a 'java/lang/NoSuchMethodError'{0x00000000d5c510d0}: 'java.lang.Object java.lang.invoke.Invokers$Holder.invokeExact_MT(java.lang.Object, int, java.lang.Object)'> (0x00000000d5c510d0) 
thrown [s\src\hotspot\share\interpreter\linkResolver.cpp, line 773]

ZGC Phase Switch (0 events):
No events

VM Operations (20 events):
Event: 17.189 Executing safepoint VM operation: ParallelGCFailedAllocation (Allocation Failure) done
Event: 17.201 Executing non-safepoint VM operation: HandshakeAllThreads (Deoptimize)
Event: 17.201 Executing non-safepoint VM operation: HandshakeAllThreads (Deoptimize) done
Event: 17.222 Executing safepoint VM operation: ParallelGCFailedAllocation (Allocation Failure)
Event: 17.228 Executing safepoint VM operation: ParallelGCFailedAllocation (Allocation Failure) done
Event: 17.262 Executing safepoint VM operation: ParallelGCFailedAllocation (Allocation Failure)
Event: 18.265 Executing safepoint VM operation: ParallelGCFailedAllocation (Allocation Failure) done
Event: 18.282 Executing safepoint VM operation: ParallelGCFailedAllocation (Allocation Failure)
Event: 18.284 Executing safepoint VM operation: ParallelGCFailedAllocation (Allocation Failure) done
Event: 18.300 Executing safepoint VM operation: ParallelGCFailedAllocation (Allocation Failure)
Event: 18.302 Executing safepoint VM operation: ParallelGCFailedAllocation (Allocation Failure) done
Event: 18.316 Executing safepoint VM operation: ParallelGCFailedAllocation (Allocation Failure)
Event: 23.331 Executing safepoint VM operation: ParallelGCFailedAllocation (Allocation Failure) done
Event: 23.346 Executing safepoint VM operation: ParallelGCFailedAllocation (Allocation Failure)
Event: 25.336 Executing safepoint VM operation: ParallelGCFailedAllocation (Allocation Failure) done
Event: 25.358 Executing safepoint VM operation: ParallelGCFailedAllocation (Allocation Failure)
Event: 26.356 Executing safepoint VM operation: ParallelGCFailedAllocation (Allocation Failure) done
Event: 26.377 Executing safepoint VM operation: ParallelGCFailedAllocation (Allocation Failure)
Event: 26.378 Executing safepoint VM operation: ParallelGCFailedAllocation (Allocation Failure) done
Event: 26.400 Executing safepoint VM operation: ParallelGCFailedAllocation (Allocation Failure)

Memory protections (0 events):
No events

Nmethod flushes (20 events):
Event: 3.835 Thread 0x0000019570054bf0 flushing  nmethod 0x00000195006ad810
Event: 3.835 Thread 0x0000019570054bf0 flushing  nmethod 0x00000195006c8790
Event: 3.835 Thread 0x0000019570054bf0 flushing  nmethod 0x00000195006ea190
Event: 3.835 Thread 0x0000019570054bf0 flushing  nmethod 0x00000195006f4c10
Event: 3.835 Thread 0x0000019570054bf0 flushing  nmethod 0x0000019500725810
Event: 3.835 Thread 0x0000019570054bf0 flushing  nmethod 0x0000019500726c90
Event: 3.835 Thread 0x0000019570054bf0 flushing  nmethod 0x0000019500727590
Event: 3.835 Thread 0x0000019570054bf0 flushing  nmethod 0x0000019500728790
Event: 3.835 Thread 0x0000019570054bf0 flushing  nmethod 0x0000019500728f90
Event: 3.835 Thread 0x0000019570054bf0 flushing  nmethod 0x000001950072ac90
Event: 3.835 Thread 0x0000019570054bf0 flushing  nmethod 0x000001950072b190
Event: 3.835 Thread 0x0000019570054bf0 flushing  nmethod 0x000001950072ba90
Event: 3.835 Thread 0x0000019570054bf0 flushing  nmethod 0x000001950072ce90
Event: 3.835 Thread 0x0000019570054bf0 flushing  nmethod 0x000001950072e910
Event: 3.835 Thread 0x0000019570054bf0 flushing  nmethod 0x0000019500730390
Event: 3.835 Thread 0x0000019570054bf0 flushing  nmethod 0x0000019500774310
Event: 3.835 Thread 0x0000019570054bf0 flushing  nmethod 0x0000019500774e10
Event: 3.835 Thread 0x0000019570054bf0 flushing  nmethod 0x000001950077b690
Event: 3.835 Thread 0x0000019570054bf0 flushing  nmethod 0x0000019500781a10
Event: 3.835 Thread 0x0000019570054bf0 flushing  nmethod 0x0000019500849a90

Events (20 events):
Event: 3.716 Thread 0x000001956fa7b860 Thread added: 0x0000019554c502e0
Event: 3.716 Thread 0x000001956fa7b860 Thread added: 0x0000019554c4ef30
Event: 3.716 Thread 0x000001956fa7b860 Thread added: 0x0000019554c4f5c0
Event: 3.717 Thread 0x000001956fa7b860 Thread added: 0x0000019554c50970
Event: 3.755 Thread 0x000001956fa7b860 Thread added: 0x0000019554c4d4f0
Event: 3.887 Thread 0x000001957e583910 Thread added: 0x0000019554c51000
Event: 3.887 Thread 0x0000019554c51000 Thread added: 0x0000019554c4db80
Event: 3.899 Thread 0x000001957acf84f0 Thread added: 0x000001957d5b0250
Event: 3.906 Thread 0x000001957acf84f0 Thread added: 0x000001957db916e0
Event: 4.085 Thread 0x000001957adeea20 Thread added: 0x00000195550bc020
Event: 4.407 Thread 0x000001956fa7b860 Thread added: 0x0000019554c4e8a0
Event: 4.408 Thread 0x000001956fa7b860 Thread added: 0x0000019554c51690
Event: 6.055 Thread 0x000001957d512440 Thread exited: 0x000001957d512440
Event: 17.103 Thread 0x000001957adefc40 Thread added: 0x0000019554e209c0
Event: 23.332 Thread 0x0000019554e209c0 Thread exited: 0x0000019554e209c0
Event: 23.333 Thread 0x000001957adefc40 Thread exited: 0x000001957adefc40
Event: 23.333 Thread 0x000001957adeea20 Thread exited: 0x000001957adeea20
Event: 26.356 Thread 0x00000195550bc020 Thread exited: 0x00000195550bc020
Event: 26.356 Thread 0x000001957db916e0 Thread exited: 0x000001957db916e0
Event: 26.361 Thread 0x00000195555505c0 Thread added: 0x0000019554e1f550


Dynamic libraries:
0x00007ff7f6680000 - 0x00007ff7f668e000 	c:\Users\victo\.vscode\extensions\redhat.java-1.53.0-win32-x64\jre\21.0.10-win32-x86_64\bin\java.exe
0x00007ff8095c0000 - 0x00007ff809827000 	C:\WINDOWS\SYSTEM32\ntdll.dll
0x00007ff807fe0000 - 0x00007ff8080a9000 	C:\WINDOWS\System32\KERNEL32.DLL
0x00007ff806010000 - 0x00007ff806401000 	C:\WINDOWS\System32\KERNELBASE.dll
0x00007ff806410000 - 0x00007ff80655b000 	C:\WINDOWS\System32\ucrtbase.dll
0x00007fffed020000 - 0x00007fffed038000 	c:\Users\victo\.vscode\extensions\redhat.java-1.53.0-win32-x64\jre\21.0.10-win32-x86_64\bin\jli.dll
0x00007fffe48a0000 - 0x00007fffe48be000 	c:\Users\victo\.vscode\extensions\redhat.java-1.53.0-win32-x64\jre\21.0.10-win32-x86_64\bin\VCRUNTIME140.dll
0x00007ff8082e0000 - 0x00007ff8084a5000 	C:\WINDOWS\System32\USER32.dll
0x00007fffea050000 - 0x00007fffea2e3000 	C:\WINDOWS\WinSxS\amd64_microsoft.windows.common-controls_6595b64144ccf1df_6.0.26100.8037_none_3e092faae333b53b\COMCTL32.dll
0x00007ff807100000 - 0x00007ff807127000 	C:\WINDOWS\System32\win32u.dll
0x00007ff807360000 - 0x00007ff80738b000 	C:\WINDOWS\System32\GDI32.dll
0x00007ff808950000 - 0x00007ff8089f9000 	C:\WINDOWS\System32\msvcrt.dll
0x00007ff806560000 - 0x00007ff80668b000 	C:\WINDOWS\System32\gdi32full.dll
0x00007ff8072b0000 - 0x00007ff807353000 	C:\WINDOWS\System32\msvcp_win.dll
0x00007ff807530000 - 0x00007ff807561000 	C:\WINDOWS\System32\IMM32.DLL
0x00007ff801540000 - 0x00007ff80154c000 	c:\Users\victo\.vscode\extensions\redhat.java-1.53.0-win32-x64\jre\21.0.10-win32-x86_64\bin\vcruntime140_1.dll
0x00007fffc40c0000 - 0x00007fffc414d000 	c:\Users\victo\.vscode\extensions\redhat.java-1.53.0-win32-x64\jre\21.0.10-win32-x86_64\bin\msvcp140.dll
0x00007fff260d0000 - 0x00007fff26e71000 	c:\Users\victo\.vscode\extensions\redhat.java-1.53.0-win32-x64\jre\21.0.10-win32-x86_64\bin\server\jvm.dll
0x00007ff807470000 - 0x00007ff80752b000 	C:\WINDOWS\System32\ADVAPI32.dll
0x00007ff808dc0000 - 0x00007ff808e67000 	C:\WINDOWS\System32\sechost.dll
0x00007ff808f20000 - 0x00007ff809038000 	C:\WINDOWS\System32\RPCRT4.dll
0x00007ff808e70000 - 0x00007ff808ee4000 	C:\WINDOWS\System32\WS2_32.dll
0x00007ff805d00000 - 0x00007ff805d5e000 	C:\WINDOWS\SYSTEM32\POWRPROF.dll
0x00007ff800620000 - 0x00007ff80062b000 	C:\WINDOWS\SYSTEM32\VERSION.dll
0x00007ffff8520000 - 0x00007ffff8555000 	C:\WINDOWS\SYSTEM32\WINMM.dll
0x00007ff805ce0000 - 0x00007ff805cf4000 	C:\WINDOWS\SYSTEM32\UMPDC.dll
0x00007ff804bc0000 - 0x00007ff804bdb000 	C:\WINDOWS\SYSTEM32\kernel.appcore.dll
0x00007fffee130000 - 0x00007fffee13a000 	c:\Users\victo\.vscode\extensions\redhat.java-1.53.0-win32-x64\jre\21.0.10-win32-x86_64\bin\jimage.dll
0x00007fffee3d0000 - 0x00007fffee612000 	C:\WINDOWS\SYSTEM32\DBGHELP.DLL
0x00007ff8091f0000 - 0x00007ff809572000 	C:\WINDOWS\System32\combase.dll
0x00007ff808c60000 - 0x00007ff808d37000 	C:\WINDOWS\System32\OLEAUT32.dll
0x00007fffe67b0000 - 0x00007fffe67eb000 	C:\WINDOWS\SYSTEM32\dbgcore.DLL
0x00007ff805ea0000 - 0x00007ff805f45000 	C:\WINDOWS\System32\bcryptPrimitives.dll
0x00007fffe47c0000 - 0x00007fffe47cf000 	c:\Users\victo\.vscode\extensions\redhat.java-1.53.0-win32-x64\jre\21.0.10-win32-x86_64\bin\instrument.dll
0x00007fffdc5c0000 - 0x00007fffdc5e0000 	c:\Users\victo\.vscode\extensions\redhat.java-1.53.0-win32-x64\jre\21.0.10-win32-x86_64\bin\java.dll
0x00007ff807570000 - 0x00007ff807ccf000 	C:\WINDOWS\System32\SHELL32.dll
0x00007ff806690000 - 0x00007ff8067fa000 	C:\WINDOWS\System32\wintypes.dll
0x00007ff806890000 - 0x00007ff8070f4000 	C:\WINDOWS\System32\windows.storage.dll
0x00007ff808b60000 - 0x00007ff808c57000 	C:\WINDOWS\System32\SHCORE.dll
0x00007ff808af0000 - 0x00007ff808b57000 	C:\WINDOWS\System32\shlwapi.dll
0x00007ff805dc0000 - 0x00007ff805de9000 	C:\WINDOWS\SYSTEM32\profapi.dll
0x00007fffd6400000 - 0x00007fffd6418000 	c:\Users\victo\.vscode\extensions\redhat.java-1.53.0-win32-x64\jre\21.0.10-win32-x86_64\bin\zip.dll
0x00007fffe4800000 - 0x00007fffe4810000 	C:\Users\victo\.vscode\extensions\redhat.java-1.53.0-win32-x64\jre\21.0.10-win32-x86_64\bin\net.dll
0x00007fffff1c0000 - 0x00007fffff2e7000 	C:\WINDOWS\SYSTEM32\WINHTTP.dll
0x00007ff805110000 - 0x00007ff80517b000 	C:\WINDOWS\system32\mswsock.dll
0x00007fffd41d0000 - 0x00007fffd41e6000 	C:\Users\victo\.vscode\extensions\redhat.java-1.53.0-win32-x64\jre\21.0.10-win32-x86_64\bin\nio.dll
0x00007fffe4810000 - 0x00007fffe4820000 	c:\Users\victo\.vscode\extensions\redhat.java-1.53.0-win32-x64\jre\21.0.10-win32-x86_64\bin\verify.dll
0x00007fffd6d50000 - 0x00007fffd6d95000 	C:\Users\victo\AppData\Roaming\Code\User\globalStorage\redhat.java\1.53.0\config_win\org.eclipse.equinox.launcher\org.eclipse.equinox.launcher.win32.win32.x86_64_1.3.0.v20260203-2149\eclipse_11919.dll
0x00007ff809050000 - 0x00007ff8091e5000 	C:\WINDOWS\System32\ole32.dll
0x00007ff805510000 - 0x00007ff80552b000 	C:\WINDOWS\SYSTEM32\CRYPTSP.dll
0x00007ff804b20000 - 0x00007ff804b59000 	C:\WINDOWS\system32\rsaenh.dll
0x00007ff8051c0000 - 0x00007ff8051f2000 	C:\WINDOWS\SYSTEM32\USERENV.dll
0x00007ff805d90000 - 0x00007ff805dba000 	C:\WINDOWS\SYSTEM32\bcrypt.dll
0x00007ff805370000 - 0x00007ff80537c000 	C:\WINDOWS\SYSTEM32\CRYPTBASE.dll
0x00007ff8044d0000 - 0x00007ff804503000 	C:\WINDOWS\SYSTEM32\IPHLPAPI.DLL
0x00007ff809040000 - 0x00007ff80904a000 	C:\WINDOWS\System32\NSI.dll
0x00007fffd10f0000 - 0x00007fffd1139000 	C:\Users\victo\AppData\Local\Temp\jna-112202379\jna3912359076115937329.dll
0x00007ff808a00000 - 0x00007ff808a08000 	C:\WINDOWS\System32\PSAPI.DLL
0x00007fffff8f0000 - 0x00007fffff90d000 	C:\WINDOWS\SYSTEM32\dhcpcsvc6.DLL
0x00007ffffeb70000 - 0x00007ffffeb93000 	C:\WINDOWS\SYSTEM32\dhcpcsvc.DLL

JVMTI agents:
c:\Users\victo\.vscode\extensions\redhat.java-1.53.0-win32-x64\lombok\lombok-1.18.39-4050.jar path:c:\Users\victo\.vscode\extensions\redhat.java-1.53.0-win32-x64\jre\21.0.10-win32-x86_64\bin\instrument.dll, loaded, initialized, instrumentlib options:none

dbghelp: loaded successfully - version: 4.0.5 - missing functions: none
symbol engine: initialized successfully - sym options: 0x614 - pdb path: .;c:\Users\victo\.vscode\extensions\redhat.java-1.53.0-win32-x64\jre\21.0.10-win32-x86_64\bin;C:\WINDOWS\SYSTEM32;C:\WINDOWS\WinSxS\amd64_microsoft.windows.common-controls_6595b64144ccf1df_6.0.26100.8037_none_3e092faae333b53b;c:\Users\victo\.vscode\extensions\redhat.java-1.53.0-win32-x64\jre\21.0.10-win32-x86_64\bin\server;C:\Users\victo\AppData\Roaming\Code\User\globalStorage\redhat.java\1.53.0\config_win\org.eclipse.equinox.launcher\org.eclipse.equinox.launcher.win32.win32.x86_64_1.3.0.v20260203-2149;C:\Users\victo\AppData\Local\Temp\jna-112202379

VM Arguments:
jvm_args: --add-modules=ALL-SYSTEM --add-opens=java.base/java.util=ALL-UNNAMED --add-opens=java.base/java.lang=ALL-UNNAMED --add-opens=java.base/sun.nio.fs=ALL-UNNAMED -Declipse.application=org.eclipse.jdt.ls.core.id1 -Dosgi.bundles.defaultStartLevel=4 -Declipse.product=org.eclipse.jdt.ls.core.product -Djava.import.generatesMetadataFilesAtProjectRoot=false -DDetectVMInstallationsJob.disabled=true -Dfile.encoding=utf8 -XX:+UseParallelGC -XX:GCTimeRatio=4 -XX:AdaptiveSizePolicyWeight=90 -Dsun.zip.disableMemoryMapping=true -Xmx2G -Xms100m -Xlog:disable -javaagent:c:\Users\victo\.vscode\extensions\redhat.java-1.53.0-win32-x64\lombok\lombok-1.18.39-4050.jar -XX:+HeapDumpOnOutOfMemoryError -XX:HeapDumpPath=c:\Users\victo\AppData\Roaming\Code\User\workspaceStorage\66c0a89fe70541defca93da0162aec7a\redhat.java -Daether.dependencyCollector.impl=bf 
java_command: c:\Users\victo\.vscode\extensions\redhat.java-1.53.0-win32-x64\server\plugins\org.eclipse.equinox.launcher_1.7.100.v20251111-0406.jar -configuration c:\Users\victo\AppData\Roaming\Code\User\globalStorage\redhat.java\1.53.0\config_win -data c:\Users\victo\AppData\Roaming\Code\User\workspaceStorage\66c0a89fe70541defca93da0162aec7a\redhat.java\jdt_ws --pipe=\\.\pipe\lsp-5d583774eb912da2a7c178b8d19195fa-sock
java_class_path (initial): c:\Users\victo\.vscode\extensions\redhat.java-1.53.0-win32-x64\server\plugins\org.eclipse.equinox.launcher_1.7.100.v20251111-0406.jar
Launcher Type: SUN_STANDARD

[Global flags]
    uintx AdaptiveSizePolicyWeight                 = 90                                        {product} {command line}
     intx CICompilerCount                          = 12                                        {product} {ergonomic}
    uintx GCTimeRatio                              = 4                                         {product} {command line}
     bool HeapDumpOnOutOfMemoryError               = true                                   {manageable} {command line}
    ccstr HeapDumpPath                             = c:\Users\victo\AppData\Roaming\Code\User\workspaceStorage\66c0a89fe70541defca93da0162aec7a\redhat.java         {manageable} {command line}
   size_t InitialHeapSize                          = 104857600                                 {product} {command line}
   size_t MaxHeapSize                              = 2147483648                                {product} {command line}
   size_t MaxNewSize                               = 715653120                                 {product} {ergonomic}
   size_t MinHeapDeltaBytes                        = 524288                                    {product} {ergonomic}
   size_t MinHeapSize                              = 104857600                                 {product} {command line}
   size_t NewSize                                  = 34603008                                  {product} {ergonomic}
    uintx NonNMethodCodeHeapSize                   = 7602480                                {pd product} {ergonomic}
    uintx NonProfiledCodeHeapSize                  = 122027880                              {pd product} {ergonomic}
   size_t OldSize                                  = 70254592                                  {product} {ergonomic}
    uintx ProfiledCodeHeapSize                     = 122027880                              {pd product} {ergonomic}
    uintx ReservedCodeCacheSize                    = 251658240                              {pd product} {ergonomic}
     bool SegmentedCodeCache                       = true                                      {product} {ergonomic}
   size_t SoftMaxHeapSize                          = 2147483648                             {manageable} {ergonomic}
     bool UseCompressedOops                        = true                           {product lp64_product} {ergonomic}
     bool UseLargePagesIndividualAllocation        = false                                  {pd product} {ergonomic}
     bool UseParallelGC                            = true                                      {product} {command line}

Logging:
Log output configuration:
 #0: stdout all=off uptime,level,tags foldmultilines=false
 #1: stderr all=off uptime,level,tags foldmultilines=false

Release file:
JAVA_VERSION="21.0.10" 
MODULES="java.base java.compiler java.datatransfer java.xml java.prefs java.desktop java.instrument java.logging java.management java.security.sasl java.naming java.rmi java.management.rmi java.net.http java.scripting java.security.jgss java.transaction.xa java.sql java.sql.rowset java.xml.crypto java.se java.smartcardio jdk.accessibility jdk.internal.jvmstat jdk.attach jdk.charsets jdk.internal.opt jdk.zipfs jdk.compiler jdk.crypto.ec jdk.crypto.cryptoki jdk.crypto.mscapi jdk.dynalink jdk.internal.ed jdk.editpad jdk.hotspot.agent jdk.httpserver jdk.internal.le jdk.internal.vm.ci jdk.internal.vm.compiler jdk.internal.vm.compiler.management jdk.jartool jdk.javadoc jdk.jcmd jdk.management jdk.management.agent jdk.jconsole jdk.jdeps jdk.jdwp.agent jdk.jdi jdk.jfr jdk.jshell jdk.jsobject jdk.jstatd jdk.localedata jdk.management.jfr jdk.naming.dns jdk.naming.rmi jdk.net jdk.nio.mapmode jdk.random jdk.sctp jdk.security.auth jdk.security.jgss jdk.unsupported jdk.unsupported.desktop jdk.xml.dom" 

Environment Variables:
PATH=C:\Program Files\Common Files\Oracle\Java\javapath;C:\Program Files (x86)\Common Files\Oracle\Java\javapath;C:\app\victo\product\21c\dbhomeXE\bin;C:\ORACLE\WINDOWS.X64_193000_db_home\bin;C:\Users\victo\Downloads\WINDOWS.X64_193000_db_home\bin;C:\Program Files (x86)\Razer Chroma SDK\bin;C:\Program Files\Razer Chroma SDK\bin;C:\Program Files (x86)\Razer\ChromaBroadcast\bin;C:\Program Files\Razer\ChromaBroadcast\bin;C:\Windows\system32;C:\Windows;C:\Windows\System32\Wbem;C:\Windows\System32\WindowsPowerShell\v1.0\;C:\Windows\System32\OpenSSH\;C:\WINDOWS\system32;C:\WINDOWS;C:\WINDOWS\System32\Wbem;C:\WINDOWS\System32\WindowsPowerShell\v1.0\;C:\WINDOWS\System32\OpenSSH\;C:\Program Files (x86)\NVIDIA Corporation\PhysX\Common;C:\WINDOWS\system32\config\systemprofile\AppData\Local\Microsoft\WindowsApps;C:\Program Files\Microsoft SQL Server\150\Tools\Binn\;C:\Program Files\Microsoft SQL Server\Client SDK\ODBC\170\Tools\Binn\;C:\WINDOWS\system32;C:\WINDOWS;C:\WINDOWS\System32\Wbem;C:\WINDOWS\System32\WindowsPowerShell\v1.0\;C:\WINDOWS\System32\OpenSSH\;C:\Program Files\dotnet\;C:\Program Files\Java\jdk-21\bin;C:\apache-maven-3.9.5\bin;C:\Program Files\Git\cmd;C:\Program Files\Docker\Docker\resources\bin;C:\Users\victo\Downloads\sonar-scanner-cli-6.0.0.4432-windows\sonar-scanner-6.0.0.4432-windows\bin;C:\Program Files\NVIDIA Corporation\NVIDIA app\NvDLISR;C:\Program Files\nodejs\;C:\Users\victo\AppData\Local\Programs\Python\Python39\Scripts\;C:\Users\victo\AppData\Local\Programs\Python\Python39\;C:\Users\victo\AppData\Local\Microsoft\WindowsApps;C:\Users\victo\AppData\Local\GitHubDesktop\bin;C:\Users\victo\AppData\Local\Programs\Microsoft VS Code\bin;C:\Users\victo\.dotnet\tools;C:\Users\victo\AppData\Roaming\npm
USERNAME=victo
OS=Windows_NT
PROCESSOR_IDENTIFIER=AMD64 Family 23 Model 113 Stepping 0, AuthenticAMD
TMP=C:\Users\victo\AppData\Local\Temp
TEMP=C:\Users\victo\AppData\Local\Temp




Periodic native trim disabled

---------------  S Y S T E M  ---------------

OS:
 Windows 11 , 64 bit Build 26100 (10.0.26100.7920)
OS uptime: 5 days 0:16 hours
Hyper-V role detected

CPU: total 24 (initial active 24) (24 cores per cpu, 2 threads per core) family 23 model 113 stepping 0 microcode 0x8701021, cx8, cmov, fxsr, ht, mmx, 3dnowpref, sse, sse2, sse3, ssse3, sse4a, sse4.1, sse4.2, popcnt, lzcnt, tsc, tscinvbit, avx, avx2, aes, clmul, bmi1, bmi2, adx, sha, fma, vzeroupper, clflush, clflushopt, hv, rdtscp, rdpid, f16c
Processor Information for the first 24 processors :
  Max Mhz: 3801, Current Mhz: 3772, Mhz Limit: 3801

Memory: 4k page, system-wide physical 32691M (6170M free)
TotalPageFile size 34739M (AvailPageFile size 5M)
current process WorkingSet (physical memory assigned to process): 453M, peak: 522M
current process commit charge ("private bytes"): 514M, peak: 569M

vm_info: OpenJDK 64-Bit Server VM (21.0.10+7-LTS) for windows-amd64 JRE (21.0.10+7-LTS), built on 2026-01-20T00:00:00Z by "admin" with MS VC++ 17.12 (VS2022)

END.
